<?xml version="1.0" encoding="utf-8"?><testsuites name="pytest tests"><testsuite name="pytest" errors="0" failures="0" skipped="0" tests="8" time="33.464" timestamp="2026-07-07T00:40:06.247452+00:00" hostname="agent-env-fb811bfc-c655-45d7-9605-b13d97269c64"><testcase classname="backend.tests.test_batch_upload_concurrency" name="test_01_upload_batch_returns_immediately" time="0.896" /><testcase classname="backend.tests.test_batch_upload_concurrency" name="test_02_batch_status_endpoint_not_404" time="0.258" /><testcase classname="backend.tests.test_batch_upload_concurrency" name="test_03_event_loop_not_blocked_during_processing" time="3.792" /><testcase classname="backend.tests.test_batch_upload_concurrency" name="test_04_batch_processes_all_jobs" time="25.172" /><testcase classname="backend.tests.test_batch_upload_concurrency" name="test_05_candidates_completed_or_duplicate" time="0.000" /><testcase classname="backend.tests.test_batch_upload_concurrency" name="test_06_candidates_persisted_with_parsed_data" time="2.695" /><testcase classname="backend.tests.test_batch_upload_concurrency" name="test_07_no_nested_event_loop_errors_in_logs" time="0.006" /><testcase classname="backend.tests.test_batch_upload_concurrency" name="test_08_basic_regression" time="0.555" /></testsuite></testsuites>