<?xml version="1.0" encoding="utf-8"?><testsuites name="pytest tests"><testsuite name="pytest" errors="0" failures="3" skipped="0" tests="8" time="312.699" timestamp="2026-07-07T00:38:29.854257+00:00" hostname="agent-env-fb811bfc-c655-45d7-9605-b13d97269c64"><testcase classname="backend.tests.test_batch_upload_concurrency" name="test_01_upload_batch_returns_immediately" time="0.841" /><testcase classname="backend.tests.test_batch_upload_concurrency" name="test_02_batch_status_endpoint_not_404" time="0.189" /><testcase classname="backend.tests.test_batch_upload_concurrency" name="test_03_event_loop_not_blocked_during_processing" time="3.851" /><testcase classname="backend.tests.test_batch_upload_concurrency" name="test_04_batch_processes_all_jobs" time="300.730"><failure message="Failed: Batch NO terminó en 5min. Último snapshot: {'batch_id': 'c0c12c3c-f148-4b61-a4bf-81283fb54322', 'total_files': 4, 'stats': {'pending': 0, 'processing': 0, 'completed': 4, 'partial': 0, 'failed': 0}, 'is_complete': True, 'jobs': [{'job_id': 'c820115a-1288-46bd-a514-e31567deca76', 'batch_id': 'c0c12c3c-f148-4b61-a4bf-81283fb54322', 'candidate_id': 'b3cd68ce-23f0-4856-8fba-ca4e477b73e7', 'completed_at': '2026-07-07T00:38:43.367106+00:00', 'created_at': '2026-07-07T00:38:30.471176+00:00', 'current_stage': 'completed', 'errors': [], 'extracted_email': 'ana.batch0f2dfd26.ramírez@example.com', 'extracted_name': 'Ana Batch0f2dfd26 Ramírez', 'file_name': 'Ana_Batch0f2dfd26_Ramírez.pdf', 'file_size': 2460, 'processing_time_ms': 12820, 'progress': 100, 'retry_count': 0, 'stage_timings': {'text_extraction': 20, 'ai_parsing': 5824, 'duplicate_detection': 254, 'ai_classification_y_resumen': 5936, 'storage': 261, 'embedding_generation': 197, 'database_save': 61}, 'started_at': '2026-07-07T00:38:30.546271+00:00', 'status': 'completed', 'updated_at': '2026-07-07T00:38:43.367124+00:00', 'warnings': []}, {'job_id': 'd637656c-e989-4d69-a934-273f898018e2', 'batch_id': 'c0c12c3c-f148-4b61-a4bf-81283fb54322', 'candidate_id': 'b8c3b42f-4f3d-4510-bb16-f5338e719c55', 'completed_at': '2026-07-07T00:38:43.418629+00:00', 'created_at': '2026-07-07T00:38:30.545826+00:00', 'current_stage': 'completed', 'errors': [], 'extracted_email': 'bruno.batch0f2dfd26.salazar@example.com', 'extracted_name': 'Bruno Batch0f2dfd26 Salazar', 'file_name': 'Bruno_Batch0f2dfd26_Salazar.pdf', 'file_size': 2462, 'processing_time_ms': 12807, 'progress': 100, 'retry_count': 0, 'stage_timings': {'text_extraction': 21, 'ai_parsing': 5462, 'duplicate_detection': 243, 'ai_classification_y_resumen': 6173, 'storage': 328, 'embedding_generation': 248, 'database_save': 64}, 'started_at': '2026-07-07T00:38:30.611138+00:00', 'status': 'completed', 'updated_at': '2026-07-07T00:38:43.418644+00:00', 'warnings': []}, {'job_id': '4e9b2a3b-cc1c-4206-ac45-b95fb7df1baa', 'batch_id': 'c0c12c3c-f148-4b61-a4bf-81283fb54322', 'candidate_id': '8031a7fe-73e5-4a07-a450-733be22a10a9', 'completed_at': '2026-07-07T00:38:44.772930+00:00', 'created_at': '2026-07-07T00:38:30.611002+00:00', 'current_stage': 'completed', 'errors': [], 'extracted_email': 'carla.batch0f2dfd26.gómez@example.com', 'extracted_name': 'Carla Batch0f2dfd26 Gómez', 'file_name': 'Carla_Batch0f2dfd26_Gómez.pdf', 'file_size': 2454, 'processing_time_ms': 14095, 'progress': 100, 'retry_count': 0, 'stage_timings': {'text_extraction': 21, 'ai_parsing': 5394, 'duplicate_detection': 357, 'ai_classification_y_resumen': 7354, 'storage': 163, 'embedding_generation': 482, 'database_save': 62}, 'started_at': '2026-07-07T00:38:30.677223+00:00', 'status': 'completed', 'updated_at': '2026-07-07T00:38:44.772961+00:00', 'warnings': []}, {'job_id': '67fb4d36-0c8d-4802-b174-d5ff98de78ef', 'batch_id': 'c0c12c3c-f148-4b61-a4bf-81283fb54322', 'candidate_id': '4e64ed0b-e1dc-4491-ab11-ab916269dc26', 'completed_at': '2026-07-07T00:38:55.564520+00:00', 'created_at': '2026-07-07T00:38:30.677064+00:00', 'current_stage': 'completed', 'errors': [], 'extracted_email': 'daniel.batch0f2dfd26.núñez@example.com', 'extracted_name': 'Daniel Batch0f2dfd26 Núñez', 'file_name': 'Daniel_Batch0f2dfd26_Núñez.pdf', 'file_size': 2446, 'processing_time_ms': 12165, 'progress': 100, 'retry_count': 0, 'stage_timings': {'text_extraction': 19, 'ai_parsing': 5250, 'duplicate_detection': 393, 'ai_classification_y_resumen': 5637, 'storage': 305, 'embedding_generation': 239, 'database_save': 61}, 'started_at': '2026-07-07T00:38:43.398851+00:00', 'status': 'completed', 'updated_at': '2026-07-07T00:38:55.564545+00:00', 'warnings': []}], 'avg_stage_timings_ms': {'text_extraction': 20, 'ai_parsing': 5482, 'duplicate_detection': 311, 'ai_classification_y_resumen': 6275, 'storage': 264, 'embedding_generation': 291, 'database_save': 62}, 'created_at': '2026-07-07T00:38:30.439170+00:00'}">backend/tests/test_batch_upload_concurrency.py:241: in test_04_batch_processes_all_jobs
    if is_complete or (done &gt;= total and processing == 0 and pending == 0):
E   Failed: Batch NO terminó en 5min. Último snapshot: {'batch_id': 'c0c12c3c-f148-4b61-a4bf-81283fb54322', 'total_files': 4, 'stats': {'pending': 0, 'processing': 0, 'completed': 4, 'partial': 0, 'failed': 0}, 'is_complete': True, 'jobs': [{'job_id': 'c820115a-1288-46bd-a514-e31567deca76', 'batch_id': 'c0c12c3c-f148-4b61-a4bf-81283fb54322', 'candidate_id': 'b3cd68ce-23f0-4856-8fba-ca4e477b73e7', 'completed_at': '2026-07-07T00:38:43.367106+00:00', 'created_at': '2026-07-07T00:38:30.471176+00:00', 'current_stage': 'completed', 'errors': [], 'extracted_email': 'ana.batch0f2dfd26.ramírez@example.com', 'extracted_name': 'Ana Batch0f2dfd26 Ramírez', 'file_name': 'Ana_Batch0f2dfd26_Ramírez.pdf', 'file_size': 2460, 'processing_time_ms': 12820, 'progress': 100, 'retry_count': 0, 'stage_timings': {'text_extraction': 20, 'ai_parsing': 5824, 'duplicate_detection': 254, 'ai_classification_y_resumen': 5936, 'storage': 261, 'embedding_generation': 197, 'database_save': 61}, 'started_at': '2026-07-07T00:38:30.546271+00:00', 'status': 'completed', 'updated_at': '2026-07-07T00:38:43.367124+00:00', 'warnings': []}, {'job_id': 'd637656c-e989-4d69-a934-273f898018e2', 'batch_id': 'c0c12c3c-f148-4b61-a4bf-81283fb54322', 'candidate_id': 'b8c3b42f-4f3d-4510-bb16-f5338e719c55', 'completed_at': '2026-07-07T00:38:43.418629+00:00', 'created_at': '2026-07-07T00:38:30.545826+00:00', 'current_stage': 'completed', 'errors': [], 'extracted_email': 'bruno.batch0f2dfd26.salazar@example.com', 'extracted_name': 'Bruno Batch0f2dfd26 Salazar', 'file_name': 'Bruno_Batch0f2dfd26_Salazar.pdf', 'file_size': 2462, 'processing_time_ms': 12807, 'progress': 100, 'retry_count': 0, 'stage_timings': {'text_extraction': 21, 'ai_parsing': 5462, 'duplicate_detection': 243, 'ai_classification_y_resumen': 6173, 'storage': 328, 'embedding_generation': 248, 'database_save': 64}, 'started_at': '2026-07-07T00:38:30.611138+00:00', 'status': 'completed', 'updated_at': '2026-07-07T00:38:43.418644+00:00', 'warnings': []}, {'job_id': '4e9b2a3b-cc1c-4206-ac45-b95fb7df1baa', 'batch_id': 'c0c12c3c-f148-4b61-a4bf-81283fb54322', 'candidate_id': '8031a7fe-73e5-4a07-a450-733be22a10a9', 'completed_at': '2026-07-07T00:38:44.772930+00:00', 'created_at': '2026-07-07T00:38:30.611002+00:00', 'current_stage': 'completed', 'errors': [], 'extracted_email': 'carla.batch0f2dfd26.gómez@example.com', 'extracted_name': 'Carla Batch0f2dfd26 Gómez', 'file_name': 'Carla_Batch0f2dfd26_Gómez.pdf', 'file_size': 2454, 'processing_time_ms': 14095, 'progress': 100, 'retry_count': 0, 'stage_timings': {'text_extraction': 21, 'ai_parsing': 5394, 'duplicate_detection': 357, 'ai_classification_y_resumen': 7354, 'storage': 163, 'embedding_generation': 482, 'database_save': 62}, 'started_at': '2026-07-07T00:38:30.677223+00:00', 'status': 'completed', 'updated_at': '2026-07-07T00:38:44.772961+00:00', 'warnings': []}, {'job_id': '67fb4d36-0c8d-4802-b174-d5ff98de78ef', 'batch_id': 'c0c12c3c-f148-4b61-a4bf-81283fb54322', 'candidate_id': '4e64ed0b-e1dc-4491-ab11-ab916269dc26', 'completed_at': '2026-07-07T00:38:55.564520+00:00', 'created_at': '2026-07-07T00:38:30.677064+00:00', 'current_stage': 'completed', 'errors': [], 'extracted_email': 'daniel.batch0f2dfd26.núñez@example.com', 'extracted_name': 'Daniel Batch0f2dfd26 Núñez', 'file_name': 'Daniel_Batch0f2dfd26_Núñez.pdf', 'file_size': 2446, 'processing_time_ms': 12165, 'progress': 100, 'retry_count': 0, 'stage_timings': {'text_extraction': 19, 'ai_parsing': 5250, 'duplicate_detection': 393, 'ai_classification_y_resumen': 5637, 'storage': 305, 'embedding_generation': 239, 'database_save': 61}, 'started_at': '2026-07-07T00:38:43.398851+00:00', 'status': 'completed', 'updated_at': '2026-07-07T00:38:55.564545+00:00', 'warnings': []}], 'avg_stage_timings_ms': {'text_extraction': 20, 'ai_parsing': 5482, 'duplicate_detection': 311, 'ai_classification_y_resumen': 6275, 'storage': 264, 'embedding_generation': 291, 'database_save': 62}, 'created_at': '2026-07-07T00:38:30.439170+00:00'}</failure></testcase><testcase classname="backend.tests.test_batch_upload_concurrency" name="test_05_candidates_completed_or_duplicate" time="0.000"><failure message="AssertionError: test_04 debe correr antes&#10;assert None">backend/tests/test_batch_upload_concurrency.py:248: in test_05_candidates_completed_or_duplicate
    ???
E   AssertionError: test_04 debe correr antes
E   assert None</failure></testcase><testcase classname="backend.tests.test_batch_upload_concurrency" name="test_06_candidates_persisted_with_parsed_data" time="6.213"><failure message="AttributeError: 'list' object has no attribute 'get'">backend/tests/test_batch_upload_concurrency.py:272: in test_06_candidates_persisted_with_parsed_data
    final = BATCH_STATE.get("final") or {}
            ^^^^^^^^^^^
E   AttributeError: 'list' object has no attribute 'get'</failure></testcase><testcase classname="backend.tests.test_batch_upload_concurrency" name="test_07_no_nested_event_loop_errors_in_logs" time="0.018" /><testcase classname="backend.tests.test_batch_upload_concurrency" name="test_08_basic_regression" time="0.738" /></testsuite></testsuites>