<?xml version="1.0" encoding="utf-8"?><testsuites name="pytest tests"><testsuite name="pytest" errors="0" failures="0" skipped="2" tests="67" time="8.088" timestamp="2026-09-24T20:04:49.895295+00:00" hostname="agent-env-fb811bfc-c655-45d7-9605-b13d97269c64"><testcase classname="backend.tests.test_cv_safety_storage_isolated" name="test_classify_missing_resume_returns_422_no_llm_and_sets_manual_capture[asyncio]" time="0.064" /><testcase classname="backend.tests.test_cv_safety_storage_isolated" name="test_classify_success_clears_read_error_and_persists_ai_once[asyncio]" time="0.051" /><testcase classname="backend.tests.test_cv_safety_storage_isolated" name="test_classify_conflict_and_deleted_not_found[asyncio]" time="0.055" /><testcase classname="backend.tests.test_cv_safety_storage_isolated" name="test_upload_resume_storage_failure_new_and_existing_keep_integrity[asyncio]" time="0.058" /><testcase classname="backend.tests.test_cv_safety_storage_isolated" name="test_upload_resume_existing_success_clears_storage_issue[asyncio]" time="0.053" /><testcase classname="backend.tests.test_cv_safety_storage_isolated" name="test_update_cv_storage_failure_marks_issue_without_adding_version[asyncio]" time="0.038" /><testcase classname="backend.tests.test_cv_safety_storage_isolated" name="test_process_cv_job_storage_failure_ends_failed_and_sets_marker[asyncio]" time="0.047" /><testcase classname="backend.tests.test_cv_safety_storage_isolated" name="test_real_reader_failure_never_calls_llm[asyncio-missing_local-local_read_failed]" time="0.065" /><testcase classname="backend.tests.test_cv_safety_storage_isolated" name="test_real_reader_failure_never_calls_llm[asyncio-remote_404-remote_read_failed]" time="0.057" /><testcase classname="backend.tests.test_cv_safety_storage_isolated" name="test_real_reader_failure_never_calls_llm[asyncio-remote_timeout-remote_read_failed]" time="0.050" /><testcase classname="backend.tests.test_cv_safety_storage_isolated" name="test_real_reader_failure_never_calls_llm[asyncio-corrupt-extraction_failed]" time="0.059" /><testcase classname="backend.tests.test_cv_safety_storage_isolated" name="test_real_reader_failure_never_calls_llm[asyncio-blank-unreadable_resume]" time="0.070" /><testcase classname="backend.tests.test_cv_safety_storage_isolated" name="test_real_reader_failure_never_calls_llm[asyncio-invalid_path-invalid_reference]" time="0.053" /><testcase classname="backend.tests.test_cv_safety_storage_isolated" name="test_actual_docx_extraction_selects_current_cv[asyncio-remote_current_version]" time="0.076" /><testcase classname="backend.tests.test_cv_safety_storage_isolated" name="test_actual_docx_extraction_selects_current_cv[asyncio-remote_newest_resume]" time="0.064" /><testcase classname="backend.tests.test_cv_safety_storage_isolated" name="test_actual_docx_extraction_selects_current_cv[asyncio-local_readable]" time="0.063" /><testcase classname="backend.tests.test_cv_safety_storage_isolated" name="test_update_cv_recovery_clears_error_and_preserves_old_cv[asyncio]" time="0.068" /><testcase classname="backend.tests.test_cv_safety_storage_isolated" name="test_cv_removed_during_classification_returns_conflict_not_success[asyncio]" time="0.074" /><testcase classname="backend.tests.test_storage_service_retry_unit" name="test_upload_resume_retries_transient_and_reuses_same_object_key" time="0.001" /><testcase classname="backend.tests.test_storage_service_retry_unit" name="test_upload_resume_exhausts_after_three_transient_attempts" time="0.000" /><testcase classname="backend.tests.test_storage_service_retry_unit" name="test_upload_resume_fails_fast_on_permanent_provider_errors[400]" time="0.000" /><testcase classname="backend.tests.test_storage_service_retry_unit" name="test_upload_resume_fails_fast_on_permanent_provider_errors[401]" time="0.000" /><testcase classname="backend.tests.test_storage_service_retry_unit" name="test_upload_resume_fails_fast_on_permanent_provider_errors[402]" time="0.000" /><testcase classname="backend.tests.test_storage_service_retry_unit" name="test_upload_resume_fails_fast_on_permanent_provider_errors[403]" time="0.000" /><testcase classname="backend.tests.test_storage_service_retry_unit" name="test_upload_resume_fails_fast_on_permanent_provider_errors[439]" time="0.000" /><testcase classname="backend.tests.test_candidate_detail_option_a_isolated" name="test_classify_stores_ai_classification_and_updates_candidate[asyncio]" time="0.058" /><testcase classname="backend.tests.test_candidate_detail_option_a_isolated" name="test_manual_patch_each_field_persists_and_keeps_zero_vs_null[asyncio]" time="0.046" /><testcase classname="backend.tests.test_candidate_detail_option_a_isolated" name="test_manual_permissions_admin_assigned_recruiter_allowed_others_blocked[asyncio]" time="0.055" /><testcase classname="backend.tests.test_candidate_detail_option_a_isolated" name="test_manual_patch_returns_409_when_already_approved[asyncio]" time="0.037" /><testcase classname="backend.tests.test_candidate_detail_option_a_isolated" name="test_live_classify_single_synthetic_candidate_if_key_available[asyncio]" time="0.000"><skipped type="pytest.skip" message="La llamada IA real requiere autorización explícita">/app/backend/tests/test_candidate_detail_option_a_isolated.py:277: La llamada IA real requiere autorización explícita</skipped></testcase><testcase classname="backend.tests.test_security_roles_notes_quota_cors_isolated" name="test_non_admin_roles_blocked_from_admin_mutations[asyncio]" time="0.035" /><testcase classname="backend.tests.test_security_roles_notes_quota_cors_isolated" name="test_admin_and_super_admin_not_blocked_by_role_layer[asyncio]" time="0.084" /><testcase classname="backend.tests.test_security_roles_notes_quota_cors_isolated" name="test_manual_patch_permissions_and_pending_can_edit[asyncio]" time="0.029" /><testcase classname="backend.tests.test_security_roles_notes_quota_cors_isolated" name="test_stage_move_allowed_for_any_recruiter_but_not_researcher[asyncio]" time="0.041" /><testcase classname="backend.tests.test_security_roles_notes_quota_cors_isolated" name="test_notes_create_author_is_server_actor_and_validation[asyncio]" time="0.029" /><testcase classname="backend.tests.test_security_roles_notes_quota_cors_isolated" name="test_notes_edit_delete_only_owner_or_admin_and_not_by_same_name[asyncio]" time="0.028" /><testcase classname="backend.tests.test_security_roles_notes_quota_cors_isolated" name="test_legacy_note_reference_deterministic_read_only_admin_only_edit[asyncio]" time="0.031" /><testcase classname="backend.tests.test_security_roles_notes_quota_cors_isolated" name="test_reserve_batch_limits_and_retry_after[asyncio]" time="0.020" /><testcase classname="backend.tests.test_security_roles_notes_quota_cors_isolated" name="test_batch_size_limit_and_duplicate_batch_id_not_duplicated[asyncio]" time="0.016" /><testcase classname="backend.tests.test_security_roles_notes_quota_cors_isolated" name="test_cv_slots_fifo_and_two_parallel_limit_per_user[asyncio]" time="0.018" /><testcase classname="backend.tests.test_security_roles_notes_quota_cors_isolated" name="test_background_processor_50_files_respects_per_user_cv_cap[asyncio]" time="0.372" /><testcase classname="backend.tests.test_security_roles_notes_quota_cors_isolated" name="test_expired_records_do_not_block_new_reservations[asyncio]" time="0.019" /><testcase classname="backend.tests.test_security_roles_notes_quota_cors_isolated" name="test_note_concurrent_add_returns_409_without_losing_other_note[asyncio]" time="0.019" /><testcase classname="backend.tests.test_security_roles_notes_quota_cors_isolated" name="test_seed_initial_data_super_admin_only_and_idempotent[asyncio]" time="0.032" /><testcase classname="backend.tests.test_security_roles_notes_quota_cors_isolated" name="test_preview_aware_cors_allows_only_configured_origins_and_proxy_alias[asyncio]" time="0.002" /><testcase classname="backend.tests.test_classification_review_isolated_v2" name="test_manual_patch_saves_fields_preserves_metadata_and_stays_pending[asyncio]" time="0.048" /><testcase classname="backend.tests.test_classification_review_isolated_v2" name="test_manual_patch_handles_ai_null_and_concurrent_merge[asyncio]" time="0.039" /><testcase classname="backend.tests.test_classification_review_isolated_v2" name="test_manual_patch_validation_and_rejections[asyncio]" time="0.043" /><testcase classname="backend.tests.test_classification_review_isolated_v2" name="test_approval_flows_bulk_mixed_and_pending_predicate_consistent[asyncio]" time="0.053" /><testcase classname="backend.tests.test_classification_review_isolated_v2" name="test_latest_batch_scoped_to_user_and_serializable[asyncio]" time="0.034" /><testcase classname="backend.tests.test_layer2_capa2_isolated" name="test_timeline_overlap_floor_last_decade_split_and_ongoing" time="0.000" /><testcase classname="backend.tests.test_layer2_capa2_isolated" name="test_timeline_tie_unknown_and_invalid_dates_are_not_invented" time="0.000" /><testcase classname="backend.tests.test_layer2_capa2_isolated" name="test_second_pass_years_zero_only_with_explicit_no_experience_statement[asyncio]" time="0.017" /><testcase classname="backend.tests.test_layer2_capa2_isolated" name="test_wrapper_bypasses_second_pass_for_high_confidence_and_years_zero[asyncio]" time="0.003" /><testcase classname="backend.tests.test_layer2_capa2_isolated" name="test_wrapper_triggers_one_second_pass_when_required[asyncio-first0-10]" time="0.003" /><testcase classname="backend.tests.test_layer2_capa2_isolated" name="test_wrapper_triggers_one_second_pass_when_required[asyncio-first1-10]" time="0.003" /><testcase classname="backend.tests.test_layer2_capa2_isolated" name="test_wrapper_triggers_one_second_pass_when_required[asyncio-first2-None]" time="0.003" /><testcase classname="backend.tests.test_layer2_capa2_isolated" name="test_wrapper_fallback_on_second_pass_failure[asyncio]" time="0.003" /><testcase classname="backend.tests.test_layer2_capa2_isolated" name="test_second_pass_full_text_not_truncated_cache_reuse_and_company_filter[asyncio]" time="0.026" /><testcase classname="backend.tests.test_layer2_capa2_isolated" name="test_second_pass_concurrent_duplicate_requests_join_single_call[asyncio]" time="2.027" /><testcase classname="backend.tests.test_layer2_capa2_isolated" name="test_second_pass_failed_auto_retry_policy_max_two[asyncio]" time="0.019" /><testcase classname="backend.tests.test_layer2_capa2_isolated" name="test_second_pass_quote_year_validation_and_unknown_company_not_inferred[asyncio]" time="0.018" /><testcase classname="backend.tests.test_layer2_capa2_isolated" name="test_recheck_routes_enqueue_dedupe_status_and_owner_scope[asyncio]" time="0.039" /><testcase classname="backend.tests.test_layer2_capa2_isolated" name="test_recheck_service_uses_active_cv_version_and_manual_capture_preserves_existing[asyncio]" time="0.036" /><testcase classname="backend.tests.test_layer2_capa2_isolated" name="test_recheck_candidate_rejects_human_approved_and_detects_cv_version_change[asyncio]" time="0.026" /><testcase classname="backend.tests.test_layer2_capa2_isolated" name="test_upload_worker_unreadable_sets_manual_capture_without_llm_calls[asyncio]" time="0.024" /><testcase classname="backend.tests.test_layer2_capa2_isolated" name="test_live_claude_smoke_single_synthetic_cv_and_cache[asyncio]" time="0.003"><skipped type="pytest.skip" message="Live calls are opt-in: RUN_LIVE_CLASSIFICATION_TEST=1">/app/backend/tests/test_layer2_capa2_isolated.py:551: Live calls are opt-in: RUN_LIVE_CLASSIFICATION_TEST=1</skipped></testcase></testsuite></testsuites>