<?xml version="1.0" encoding="utf-8"?><testsuites name="pytest tests"><testsuite name="pytest" errors="0" failures="1" skipped="0" tests="21" time="12.921" timestamp="2026-07-14T00:37:44.843695+00:00" hostname="agent-env-fb811bfc-c655-45d7-9605-b13d97269c64"><testcase classname="tests.test_invitation_password_flow" name="test_01_create_invited_user_email_fails_but_user_created" time="1.206" /><testcase classname="tests.test_invitation_password_flow" name="test_02_list_users_invitation_pending_flags" time="1.272" /><testcase classname="tests.test_invitation_password_flow" name="test_03_password_tokens_stored_hashed" time="0.431" /><testcase classname="tests.test_invitation_password_flow" name="test_04_e2e_set_password_flow" time="1.736" /><testcase classname="tests.test_invitation_password_flow" name="test_05_invalid_token_validate" time="0.184" /><testcase classname="tests.test_invitation_password_flow" name="test_06_invalid_token_set_password" time="0.174" /><testcase classname="tests.test_invitation_password_flow" name="test_07_short_password_rejected" time="0.159" /><testcase classname="tests.test_invitation_password_flow" name="test_08_login_invited_user_no_password_yet" time="0.672" /><testcase classname="tests.test_invitation_password_flow" name="test_09_resend_invitation_pending_user_returns_502" time="0.491" /><testcase classname="tests.test_invitation_password_flow" name="test_10_resend_invitation_user_with_password_returns_400" time="0.196" /><testcase classname="tests.test_invitation_password_flow" name="test_11_send_password_reset_user_with_password_502" time="0.510" /><testcase classname="tests.test_invitation_password_flow" name="test_12_send_password_reset_pending_user_400" time="0.200" /><testcase classname="tests.test_invitation_password_flow" name="test_13_reset_token_works_in_set_password" time="1.584" /><testcase classname="tests.test_invitation_password_flow" name="test_14_change_password_wrong_current_returns_400" time="0.423" /><testcase classname="tests.test_invitation_password_flow" name="test_15_change_password_short_new_returns_400" time="0.172" /><testcase classname="tests.test_invitation_password_flow" name="test_16_change_password_success_and_login_with_new" time="1.144" /><testcase classname="tests.test_invitation_password_flow" name="test_17_recruiter_cannot_create_user" time="0.608" /><testcase classname="tests.test_invitation_password_flow" name="test_18_recruiter_cannot_resend_invitation" time="0.185" /><testcase classname="tests.test_invitation_password_flow" name="test_19_activity_logs_have_expected_actions" time="0.376"><failure message="AssertionError: missing activity_logs actions: {'user_invited'}. found={'password_set', 'password_changed'}&#10;assert not {'user_invited'}">tests/test_invitation_password_flow.py:428: in test_19_activity_logs_have_expected_actions
    assert not missing, f"missing activity_logs actions: {missing}. found={found}"
E   AssertionError: missing activity_logs actions: {'user_invited'}. found={'password_set', 'password_changed'}
E   assert not {'user_invited'}</failure></testcase><testcase classname="tests.test_invitation_password_flow" name="test_20_admin_login_regression" time="0.433" /><testcase classname="tests.test_invitation_password_flow" name="test_21_google_session_invalid_401" time="0.655" /></testsuite></testsuites>