<?xml version="1.0" encoding="utf-8"?><testsuites name="pytest tests"><testsuite name="pytest" errors="0" failures="0" skipped="0" tests="6" time="4.026" timestamp="2026-09-22T18:01:53.556074+00:00" hostname="agent-env-fb811bfc-c655-45d7-9605-b13d97269c64"><testcase classname="backend.tests.test_classification_review_isolated_v2" name="test_manual_patch_saves_fields_preserves_metadata_and_stays_pending[asyncio]" time="0.101" /><testcase classname="backend.tests.test_classification_review_isolated_v2" name="test_manual_patch_handles_ai_null_and_concurrent_merge[asyncio]" time="0.083" /><testcase classname="backend.tests.test_classification_review_isolated_v2" name="test_manual_patch_validation_and_rejections[asyncio]" time="0.093" /><testcase classname="backend.tests.test_classification_review_isolated_v2" name="test_approval_flows_bulk_mixed_and_pending_predicate_consistent[asyncio]" time="0.124" /><testcase classname="backend.tests.test_classification_review_isolated_v2" name="test_latest_batch_scoped_to_user_and_serializable[asyncio]" time="0.081" /><testcase classname="backend.tests.test_background_processor_isolated" name="test_processing_persists_across_instances_and_reports_failures[asyncio]" time="0.113" /></testsuite></testsuites>