<?xml version="1.0" encoding="utf-8"?><testsuites name="pytest tests"><testsuite name="pytest" errors="0" failures="0" skipped="0" tests="5" time="9.501" timestamp="2026-09-24T17:03:59.506033+00:00" hostname="agent-env-fb811bfc-c655-45d7-9605-b13d97269c64"><testcase classname="backend.tests.test_candidate_detail_option_a_isolated" name="test_classify_stores_ai_classification_and_updates_candidate[asyncio]" time="0.081" /><testcase classname="backend.tests.test_candidate_detail_option_a_isolated" name="test_manual_patch_each_field_persists_and_keeps_zero_vs_null[asyncio]" time="0.047" /><testcase classname="backend.tests.test_candidate_detail_option_a_isolated" name="test_manual_permissions_admin_assigned_recruiter_allowed_others_blocked[asyncio]" time="0.055" /><testcase classname="backend.tests.test_candidate_detail_option_a_isolated" name="test_manual_patch_returns_409_when_already_approved[asyncio]" time="0.041" /><testcase classname="backend.tests.test_candidate_detail_option_a_isolated" name="test_live_classify_single_synthetic_candidate_if_key_available[asyncio]" time="5.977" /></testsuite></testsuites>