<?xml version="1.0" encoding="utf-8"?><testsuites name="pytest tests"><testsuite name="pytest" errors="0" failures="1" skipped="0" tests="12" time="47.215" timestamp="2026-09-22T16:17:52.806594+00:00" hostname="agent-env-fb811bfc-c655-45d7-9605-b13d97269c64"><testcase classname="backend.tests.test_layer1_parser_readonly" name="test_ocr_runtime_dependencies_available" time="0.025" /><testcase classname="backend.tests.test_layer1_parser_readonly" name="test_ensure_ocr_runtime_idempotent" time="0.081" /><testcase classname="backend.tests.test_layer1_parser_readonly" name="test_docx_extracts_paragraphs_tables_textboxes_headers_footers" time="0.001" /><testcase classname="backend.tests.test_layer1_parser_readonly" name="test_docx_alternatecontent_choice_only_and_deleted_text_ignored" time="0.001"><failure message="AssertionError: assert 'ALT_CHOICE' in 'VISIBLE_TEXT'">backend/tests/test_layer1_parser_readonly.py:104: in test_docx_alternatecontent_choice_only_and_deleted_text_ignored
    assert "ALT_CHOICE" in text
E   AssertionError: assert 'ALT_CHOICE' in 'VISIBLE_TEXT'</failure></testcase><testcase classname="backend.tests.test_layer1_parser_readonly" name="test_pdf_empty_bytes_raises_once" time="0.000" /><testcase classname="backend.tests.test_layer1_parser_readonly" name="test_carlos_pdf_alternate_reader_path_recovers_text" time="0.023" /><testcase classname="backend.tests.test_layer1_parser_readonly" name="test_layer1_all_34_readonly_extraction_summary_matches_expected_counts" time="46.947" /><testcase classname="backend.tests.test_layer1_parser_readonly" name="test_reprocess_script_has_apply_guardrails_and_metadata_preservation" time="0.000" /><testcase classname="backend.tests.test_layer1_parser_readonly" name="test_protected_scoring_files_have_no_diff" time="0.003" /><testcase classname="backend.tests.test_layer1_parser_readonly" name="test_extraction_version_consistency" time="0.000" /><testcase classname="backend.tests.test_layer1_parser_readonly" name="test_malformed_pdf_and_docx_fail_with_helpful_errors" time="0.000" /><testcase classname="backend.tests.test_layer1_parser_readonly" name="test_server_startup_has_ensure_ocr_runtime_hook" time="0.000" /></testsuite></testsuites>