<?xml version="1.0" encoding="utf-8"?><testsuites name="pytest tests"><testsuite name="pytest" errors="13" failures="0" skipped="0" tests="13" time="9.638" timestamp="2026-09-22T15:21:07.480620+00:00" hostname="agent-env-fb811bfc-c655-45d7-9605-b13d97269c64"><testcase classname="backend.tests.test_classification_review_isolated" name="test_manual_patch_empty_body_returns_400" time="0.000"><error message="failed on setup with &quot;pytest.PytestRemovedIn9Warning: 'test_manual_patch_empty_body_returns_400' requested an async fixture 'isolated_db', with no plugin or hook that handled it. This is usually an error, as pytest does not natively support it. This will turn into an error in pytest 9.&#10;See: https://docs.pytest.org/en/stable/deprecations.html#sync-test-depending-on-async-fixture&quot;">/root/.venv/lib/python3.11/site-packages/_pytest/runner.py:353: in from_call
    result: TResult | None = func()
                             ^^^^^^
/root/.venv/lib/python3.11/site-packages/_pytest/runner.py:245: in &lt;lambda&gt;
    lambda: runtest_hook(item=item, **kwds),
            ^^^^^^^^^^^^^^^^^^^^^^^^^^^^^^^
/root/.venv/lib/python3.11/site-packages/pluggy/_hooks.py:512: in __call__
    return self._hookexec(self.name, self._hookimpls.copy(), kwargs, firstresult)
           ^^^^^^^^^^^^^^^^^^^^^^^^^^^^^^^^^^^^^^^^^^^^^^^^^^^^^^^^^^^^^^^^^^^^^^
/root/.venv/lib/python3.11/site-packages/pluggy/_manager.py:120: in _hookexec
    return self._inner_hookexec(hook_name, methods, kwargs, firstresult)
           ^^^^^^^^^^^^^^^^^^^^^^^^^^^^^^^^^^^^^^^^^^^^^^^^^^^^^^^^^^^^^
/root/.venv/lib/python3.11/site-packages/_pytest/logging.py:843: in pytest_runtest_setup
    yield
/root/.venv/lib/python3.11/site-packages/_pytest/capture.py:895: in pytest_runtest_setup
    return (yield)
            ^^^^^
/root/.venv/lib/python3.11/site-packages/_pytest/runner.py:165: in pytest_runtest_setup
    item.session._setupstate.setup(item)
/root/.venv/lib/python3.11/site-packages/_pytest/runner.py:523: in setup
    col.setup()
/root/.venv/lib/python3.11/site-packages/_pytest/python.py:1723: in setup
    self._request._fillfixtures()
/root/.venv/lib/python3.11/site-packages/_pytest/fixtures.py:707: in _fillfixtures
    item.funcargs[argname] = self.getfixturevalue(argname)
                             ^^^^^^^^^^^^^^^^^^^^^^^^^^^^^
/root/.venv/lib/python3.11/site-packages/_pytest/fixtures.py:539: in getfixturevalue
    fixturedef = self._get_active_fixturedef(argname)
                 ^^^^^^^^^^^^^^^^^^^^^^^^^^^^^^^^^^^^
/root/.venv/lib/python3.11/site-packages/_pytest/fixtures.py:627: in _get_active_fixturedef
    fixturedef.execute(request=subrequest)
/root/.venv/lib/python3.11/site-packages/_pytest/fixtures.py:1068: in execute
    fixturedef = request._get_active_fixturedef(argname)
                 ^^^^^^^^^^^^^^^^^^^^^^^^^^^^^^^^^^^^^^^
/root/.venv/lib/python3.11/site-packages/_pytest/fixtures.py:627: in _get_active_fixturedef
    fixturedef.execute(request=subrequest)
/root/.venv/lib/python3.11/site-packages/_pytest/fixtures.py:1110: in execute
    result: FixtureValue = ihook.pytest_fixture_setup(
/root/.venv/lib/python3.11/site-packages/pluggy/_hooks.py:512: in __call__
    return self._hookexec(self.name, self._hookimpls.copy(), kwargs, firstresult)
           ^^^^^^^^^^^^^^^^^^^^^^^^^^^^^^^^^^^^^^^^^^^^^^^^^^^^^^^^^^^^^^^^^^^^^^
/root/.venv/lib/python3.11/site-packages/pluggy/_manager.py:120: in _hookexec
    return self._inner_hookexec(hook_name, methods, kwargs, firstresult)
           ^^^^^^^^^^^^^^^^^^^^^^^^^^^^^^^^^^^^^^^^^^^^^^^^^^^^^^^^^^^^^
/root/.venv/lib/python3.11/site-packages/pluggy/_callers.py:53: in run_old_style_hookwrapper
    return result.get_result()
           ^^^^^^^^^^^^^^^^^^^
/root/.venv/lib/python3.11/site-packages/pluggy/_callers.py:38: in run_old_style_hookwrapper
    res = yield
          ^^^^^
/root/.venv/lib/python3.11/site-packages/_pytest/setuponly.py:36: in pytest_fixture_setup
    return (yield)
            ^^^^^
/root/.venv/lib/python3.11/site-packages/_pytest/fixtures.py:1188: in pytest_fixture_setup
    warnings.warn(
E   pytest.PytestRemovedIn9Warning: 'test_manual_patch_empty_body_returns_400' requested an async fixture 'isolated_db', with no plugin or hook that handled it. This is usually an error, as pytest does not natively support it. This will turn into an error in pytest 9.
E   See: https://docs.pytest.org/en/stable/deprecations.html#sync-test-depending-on-async-fixture</error></testcase><testcase classname="backend.tests.test_classification_review_isolated" name="test_manual_patch_missing_or_deleted_returns_404" time="0.000"><error message="failed on setup with &quot;pytest.PytestRemovedIn9Warning: 'test_manual_patch_missing_or_deleted_returns_404' requested an async fixture 'isolated_db', with no plugin or hook that handled it. This is usually an error, as pytest does not natively support it. This will turn into an error in pytest 9.&#10;See: https://docs.pytest.org/en/stable/deprecations.html#sync-test-depending-on-async-fixture&quot;">/root/.venv/lib/python3.11/site-packages/_pytest/runner.py:353: in from_call
    result: TResult | None = func()
                             ^^^^^^
/root/.venv/lib/python3.11/site-packages/_pytest/runner.py:245: in &lt;lambda&gt;
    lambda: runtest_hook(item=item, **kwds),
            ^^^^^^^^^^^^^^^^^^^^^^^^^^^^^^^
/root/.venv/lib/python3.11/site-packages/pluggy/_hooks.py:512: in __call__
    return self._hookexec(self.name, self._hookimpls.copy(), kwargs, firstresult)
           ^^^^^^^^^^^^^^^^^^^^^^^^^^^^^^^^^^^^^^^^^^^^^^^^^^^^^^^^^^^^^^^^^^^^^^
/root/.venv/lib/python3.11/site-packages/pluggy/_manager.py:120: in _hookexec
    return self._inner_hookexec(hook_name, methods, kwargs, firstresult)
           ^^^^^^^^^^^^^^^^^^^^^^^^^^^^^^^^^^^^^^^^^^^^^^^^^^^^^^^^^^^^^
/root/.venv/lib/python3.11/site-packages/_pytest/logging.py:843: in pytest_runtest_setup
    yield
/root/.venv/lib/python3.11/site-packages/_pytest/capture.py:895: in pytest_runtest_setup
    return (yield)
            ^^^^^
/root/.venv/lib/python3.11/site-packages/_pytest/runner.py:165: in pytest_runtest_setup
    item.session._setupstate.setup(item)
/root/.venv/lib/python3.11/site-packages/_pytest/runner.py:523: in setup
    col.setup()
/root/.venv/lib/python3.11/site-packages/_pytest/python.py:1723: in setup
    self._request._fillfixtures()
/root/.venv/lib/python3.11/site-packages/_pytest/fixtures.py:707: in _fillfixtures
    item.funcargs[argname] = self.getfixturevalue(argname)
                             ^^^^^^^^^^^^^^^^^^^^^^^^^^^^^
/root/.venv/lib/python3.11/site-packages/_pytest/fixtures.py:539: in getfixturevalue
    fixturedef = self._get_active_fixturedef(argname)
                 ^^^^^^^^^^^^^^^^^^^^^^^^^^^^^^^^^^^^
/root/.venv/lib/python3.11/site-packages/_pytest/fixtures.py:627: in _get_active_fixturedef
    fixturedef.execute(request=subrequest)
/root/.venv/lib/python3.11/site-packages/_pytest/fixtures.py:1068: in execute
    fixturedef = request._get_active_fixturedef(argname)
                 ^^^^^^^^^^^^^^^^^^^^^^^^^^^^^^^^^^^^^^^
/root/.venv/lib/python3.11/site-packages/_pytest/fixtures.py:627: in _get_active_fixturedef
    fixturedef.execute(request=subrequest)
/root/.venv/lib/python3.11/site-packages/_pytest/fixtures.py:1110: in execute
    result: FixtureValue = ihook.pytest_fixture_setup(
/root/.venv/lib/python3.11/site-packages/pluggy/_hooks.py:512: in __call__
    return self._hookexec(self.name, self._hookimpls.copy(), kwargs, firstresult)
           ^^^^^^^^^^^^^^^^^^^^^^^^^^^^^^^^^^^^^^^^^^^^^^^^^^^^^^^^^^^^^^^^^^^^^^
/root/.venv/lib/python3.11/site-packages/pluggy/_manager.py:120: in _hookexec
    return self._inner_hookexec(hook_name, methods, kwargs, firstresult)
           ^^^^^^^^^^^^^^^^^^^^^^^^^^^^^^^^^^^^^^^^^^^^^^^^^^^^^^^^^^^^^
/root/.venv/lib/python3.11/site-packages/pluggy/_callers.py:53: in run_old_style_hookwrapper
    return result.get_result()
           ^^^^^^^^^^^^^^^^^^^
/root/.venv/lib/python3.11/site-packages/pluggy/_callers.py:38: in run_old_style_hookwrapper
    res = yield
          ^^^^^
/root/.venv/lib/python3.11/site-packages/_pytest/setuponly.py:36: in pytest_fixture_setup
    return (yield)
            ^^^^^
/root/.venv/lib/python3.11/site-packages/_pytest/fixtures.py:1188: in pytest_fixture_setup
    warnings.warn(
E   pytest.PytestRemovedIn9Warning: 'test_manual_patch_missing_or_deleted_returns_404' requested an async fixture 'isolated_db', with no plugin or hook that handled it. This is usually an error, as pytest does not natively support it. This will turn into an error in pytest 9.
E   See: https://docs.pytest.org/en/stable/deprecations.html#sync-test-depending-on-async-fixture</error></testcase><testcase classname="backend.tests.test_classification_review_isolated" name="test_manual_patch_approved_returns_409" time="0.000"><error message="failed on setup with &quot;pytest.PytestRemovedIn9Warning: 'test_manual_patch_approved_returns_409' requested an async fixture 'isolated_db', with no plugin or hook that handled it. This is usually an error, as pytest does not natively support it. This will turn into an error in pytest 9.&#10;See: https://docs.pytest.org/en/stable/deprecations.html#sync-test-depending-on-async-fixture&quot;">/root/.venv/lib/python3.11/site-packages/_pytest/runner.py:353: in from_call
    result: TResult | None = func()
                             ^^^^^^
/root/.venv/lib/python3.11/site-packages/_pytest/runner.py:245: in &lt;lambda&gt;
    lambda: runtest_hook(item=item, **kwds),
            ^^^^^^^^^^^^^^^^^^^^^^^^^^^^^^^
/root/.venv/lib/python3.11/site-packages/pluggy/_hooks.py:512: in __call__
    return self._hookexec(self.name, self._hookimpls.copy(), kwargs, firstresult)
           ^^^^^^^^^^^^^^^^^^^^^^^^^^^^^^^^^^^^^^^^^^^^^^^^^^^^^^^^^^^^^^^^^^^^^^
/root/.venv/lib/python3.11/site-packages/pluggy/_manager.py:120: in _hookexec
    return self._inner_hookexec(hook_name, methods, kwargs, firstresult)
           ^^^^^^^^^^^^^^^^^^^^^^^^^^^^^^^^^^^^^^^^^^^^^^^^^^^^^^^^^^^^^
/root/.venv/lib/python3.11/site-packages/_pytest/logging.py:843: in pytest_runtest_setup
    yield
/root/.venv/lib/python3.11/site-packages/_pytest/capture.py:895: in pytest_runtest_setup
    return (yield)
            ^^^^^
/root/.venv/lib/python3.11/site-packages/_pytest/runner.py:165: in pytest_runtest_setup
    item.session._setupstate.setup(item)
/root/.venv/lib/python3.11/site-packages/_pytest/runner.py:523: in setup
    col.setup()
/root/.venv/lib/python3.11/site-packages/_pytest/python.py:1723: in setup
    self._request._fillfixtures()
/root/.venv/lib/python3.11/site-packages/_pytest/fixtures.py:707: in _fillfixtures
    item.funcargs[argname] = self.getfixturevalue(argname)
                             ^^^^^^^^^^^^^^^^^^^^^^^^^^^^^
/root/.venv/lib/python3.11/site-packages/_pytest/fixtures.py:539: in getfixturevalue
    fixturedef = self._get_active_fixturedef(argname)
                 ^^^^^^^^^^^^^^^^^^^^^^^^^^^^^^^^^^^^
/root/.venv/lib/python3.11/site-packages/_pytest/fixtures.py:627: in _get_active_fixturedef
    fixturedef.execute(request=subrequest)
/root/.venv/lib/python3.11/site-packages/_pytest/fixtures.py:1068: in execute
    fixturedef = request._get_active_fixturedef(argname)
                 ^^^^^^^^^^^^^^^^^^^^^^^^^^^^^^^^^^^^^^^
/root/.venv/lib/python3.11/site-packages/_pytest/fixtures.py:627: in _get_active_fixturedef
    fixturedef.execute(request=subrequest)
/root/.venv/lib/python3.11/site-packages/_pytest/fixtures.py:1110: in execute
    result: FixtureValue = ihook.pytest_fixture_setup(
/root/.venv/lib/python3.11/site-packages/pluggy/_hooks.py:512: in __call__
    return self._hookexec(self.name, self._hookimpls.copy(), kwargs, firstresult)
           ^^^^^^^^^^^^^^^^^^^^^^^^^^^^^^^^^^^^^^^^^^^^^^^^^^^^^^^^^^^^^^^^^^^^^^
/root/.venv/lib/python3.11/site-packages/pluggy/_manager.py:120: in _hookexec
    return self._inner_hookexec(hook_name, methods, kwargs, firstresult)
           ^^^^^^^^^^^^^^^^^^^^^^^^^^^^^^^^^^^^^^^^^^^^^^^^^^^^^^^^^^^^^
/root/.venv/lib/python3.11/site-packages/pluggy/_callers.py:53: in run_old_style_hookwrapper
    return result.get_result()
           ^^^^^^^^^^^^^^^^^^^
/root/.venv/lib/python3.11/site-packages/pluggy/_callers.py:38: in run_old_style_hookwrapper
    res = yield
          ^^^^^
/root/.venv/lib/python3.11/site-packages/_pytest/setuponly.py:36: in pytest_fixture_setup
    return (yield)
            ^^^^^
/root/.venv/lib/python3.11/site-packages/_pytest/fixtures.py:1188: in pytest_fixture_setup
    warnings.warn(
E   pytest.PytestRemovedIn9Warning: 'test_manual_patch_approved_returns_409' requested an async fixture 'isolated_db', with no plugin or hook that handled it. This is usually an error, as pytest does not natively support it. This will turn into an error in pytest 9.
E   See: https://docs.pytest.org/en/stable/deprecations.html#sync-test-depending-on-async-fixture</error></testcase><testcase classname="backend.tests.test_classification_review_isolated" name="test_manual_patch_saves_only_present_fields_and_preserves_metadata" time="0.000"><error message="failed on setup with &quot;pytest.PytestRemovedIn9Warning: 'test_manual_patch_saves_only_present_fields_and_preserves_metadata' requested an async fixture 'isolated_db', with no plugin or hook that handled it. This is usually an error, as pytest does not natively support it. This will turn into an error in pytest 9.&#10;See: https://docs.pytest.org/en/stable/deprecations.html#sync-test-depending-on-async-fixture&quot;">/root/.venv/lib/python3.11/site-packages/_pytest/runner.py:353: in from_call
    result: TResult | None = func()
                             ^^^^^^
/root/.venv/lib/python3.11/site-packages/_pytest/runner.py:245: in &lt;lambda&gt;
    lambda: runtest_hook(item=item, **kwds),
            ^^^^^^^^^^^^^^^^^^^^^^^^^^^^^^^
/root/.venv/lib/python3.11/site-packages/pluggy/_hooks.py:512: in __call__
    return self._hookexec(self.name, self._hookimpls.copy(), kwargs, firstresult)
           ^^^^^^^^^^^^^^^^^^^^^^^^^^^^^^^^^^^^^^^^^^^^^^^^^^^^^^^^^^^^^^^^^^^^^^
/root/.venv/lib/python3.11/site-packages/pluggy/_manager.py:120: in _hookexec
    return self._inner_hookexec(hook_name, methods, kwargs, firstresult)
           ^^^^^^^^^^^^^^^^^^^^^^^^^^^^^^^^^^^^^^^^^^^^^^^^^^^^^^^^^^^^^
/root/.venv/lib/python3.11/site-packages/_pytest/logging.py:843: in pytest_runtest_setup
    yield
/root/.venv/lib/python3.11/site-packages/_pytest/capture.py:895: in pytest_runtest_setup
    return (yield)
            ^^^^^
/root/.venv/lib/python3.11/site-packages/_pytest/runner.py:165: in pytest_runtest_setup
    item.session._setupstate.setup(item)
/root/.venv/lib/python3.11/site-packages/_pytest/runner.py:523: in setup
    col.setup()
/root/.venv/lib/python3.11/site-packages/_pytest/python.py:1723: in setup
    self._request._fillfixtures()
/root/.venv/lib/python3.11/site-packages/_pytest/fixtures.py:707: in _fillfixtures
    item.funcargs[argname] = self.getfixturevalue(argname)
                             ^^^^^^^^^^^^^^^^^^^^^^^^^^^^^
/root/.venv/lib/python3.11/site-packages/_pytest/fixtures.py:539: in getfixturevalue
    fixturedef = self._get_active_fixturedef(argname)
                 ^^^^^^^^^^^^^^^^^^^^^^^^^^^^^^^^^^^^
/root/.venv/lib/python3.11/site-packages/_pytest/fixtures.py:627: in _get_active_fixturedef
    fixturedef.execute(request=subrequest)
/root/.venv/lib/python3.11/site-packages/_pytest/fixtures.py:1068: in execute
    fixturedef = request._get_active_fixturedef(argname)
                 ^^^^^^^^^^^^^^^^^^^^^^^^^^^^^^^^^^^^^^^
/root/.venv/lib/python3.11/site-packages/_pytest/fixtures.py:627: in _get_active_fixturedef
    fixturedef.execute(request=subrequest)
/root/.venv/lib/python3.11/site-packages/_pytest/fixtures.py:1110: in execute
    result: FixtureValue = ihook.pytest_fixture_setup(
/root/.venv/lib/python3.11/site-packages/pluggy/_hooks.py:512: in __call__
    return self._hookexec(self.name, self._hookimpls.copy(), kwargs, firstresult)
           ^^^^^^^^^^^^^^^^^^^^^^^^^^^^^^^^^^^^^^^^^^^^^^^^^^^^^^^^^^^^^^^^^^^^^^
/root/.venv/lib/python3.11/site-packages/pluggy/_manager.py:120: in _hookexec
    return self._inner_hookexec(hook_name, methods, kwargs, firstresult)
           ^^^^^^^^^^^^^^^^^^^^^^^^^^^^^^^^^^^^^^^^^^^^^^^^^^^^^^^^^^^^^
/root/.venv/lib/python3.11/site-packages/pluggy/_callers.py:53: in run_old_style_hookwrapper
    return result.get_result()
           ^^^^^^^^^^^^^^^^^^^
/root/.venv/lib/python3.11/site-packages/pluggy/_callers.py:38: in run_old_style_hookwrapper
    res = yield
          ^^^^^
/root/.venv/lib/python3.11/site-packages/_pytest/setuponly.py:36: in pytest_fixture_setup
    return (yield)
            ^^^^^
/root/.venv/lib/python3.11/site-packages/_pytest/fixtures.py:1188: in pytest_fixture_setup
    warnings.warn(
E   pytest.PytestRemovedIn9Warning: 'test_manual_patch_saves_only_present_fields_and_preserves_metadata' requested an async fixture 'isolated_db', with no plugin or hook that handled it. This is usually an error, as pytest does not natively support it. This will turn into an error in pytest 9.
E   See: https://docs.pytest.org/en/stable/deprecations.html#sync-test-depending-on-async-fixture</error></testcase><testcase classname="backend.tests.test_classification_review_isolated" name="test_manual_patch_supports_null_and_zero_years" time="0.000"><error message="failed on setup with &quot;pytest.PytestRemovedIn9Warning: 'test_manual_patch_supports_null_and_zero_years' requested an async fixture 'isolated_db', with no plugin or hook that handled it. This is usually an error, as pytest does not natively support it. This will turn into an error in pytest 9.&#10;See: https://docs.pytest.org/en/stable/deprecations.html#sync-test-depending-on-async-fixture&quot;">/root/.venv/lib/python3.11/site-packages/_pytest/runner.py:353: in from_call
    result: TResult | None = func()
                             ^^^^^^
/root/.venv/lib/python3.11/site-packages/_pytest/runner.py:245: in &lt;lambda&gt;
    lambda: runtest_hook(item=item, **kwds),
            ^^^^^^^^^^^^^^^^^^^^^^^^^^^^^^^
/root/.venv/lib/python3.11/site-packages/pluggy/_hooks.py:512: in __call__
    return self._hookexec(self.name, self._hookimpls.copy(), kwargs, firstresult)
           ^^^^^^^^^^^^^^^^^^^^^^^^^^^^^^^^^^^^^^^^^^^^^^^^^^^^^^^^^^^^^^^^^^^^^^
/root/.venv/lib/python3.11/site-packages/pluggy/_manager.py:120: in _hookexec
    return self._inner_hookexec(hook_name, methods, kwargs, firstresult)
           ^^^^^^^^^^^^^^^^^^^^^^^^^^^^^^^^^^^^^^^^^^^^^^^^^^^^^^^^^^^^^
/root/.venv/lib/python3.11/site-packages/_pytest/logging.py:843: in pytest_runtest_setup
    yield
/root/.venv/lib/python3.11/site-packages/_pytest/capture.py:895: in pytest_runtest_setup
    return (yield)
            ^^^^^
/root/.venv/lib/python3.11/site-packages/_pytest/runner.py:165: in pytest_runtest_setup
    item.session._setupstate.setup(item)
/root/.venv/lib/python3.11/site-packages/_pytest/runner.py:523: in setup
    col.setup()
/root/.venv/lib/python3.11/site-packages/_pytest/python.py:1723: in setup
    self._request._fillfixtures()
/root/.venv/lib/python3.11/site-packages/_pytest/fixtures.py:707: in _fillfixtures
    item.funcargs[argname] = self.getfixturevalue(argname)
                             ^^^^^^^^^^^^^^^^^^^^^^^^^^^^^
/root/.venv/lib/python3.11/site-packages/_pytest/fixtures.py:539: in getfixturevalue
    fixturedef = self._get_active_fixturedef(argname)
                 ^^^^^^^^^^^^^^^^^^^^^^^^^^^^^^^^^^^^
/root/.venv/lib/python3.11/site-packages/_pytest/fixtures.py:627: in _get_active_fixturedef
    fixturedef.execute(request=subrequest)
/root/.venv/lib/python3.11/site-packages/_pytest/fixtures.py:1068: in execute
    fixturedef = request._get_active_fixturedef(argname)
                 ^^^^^^^^^^^^^^^^^^^^^^^^^^^^^^^^^^^^^^^
/root/.venv/lib/python3.11/site-packages/_pytest/fixtures.py:627: in _get_active_fixturedef
    fixturedef.execute(request=subrequest)
/root/.venv/lib/python3.11/site-packages/_pytest/fixtures.py:1110: in execute
    result: FixtureValue = ihook.pytest_fixture_setup(
/root/.venv/lib/python3.11/site-packages/pluggy/_hooks.py:512: in __call__
    return self._hookexec(self.name, self._hookimpls.copy(), kwargs, firstresult)
           ^^^^^^^^^^^^^^^^^^^^^^^^^^^^^^^^^^^^^^^^^^^^^^^^^^^^^^^^^^^^^^^^^^^^^^
/root/.venv/lib/python3.11/site-packages/pluggy/_manager.py:120: in _hookexec
    return self._inner_hookexec(hook_name, methods, kwargs, firstresult)
           ^^^^^^^^^^^^^^^^^^^^^^^^^^^^^^^^^^^^^^^^^^^^^^^^^^^^^^^^^^^^^
/root/.venv/lib/python3.11/site-packages/pluggy/_callers.py:53: in run_old_style_hookwrapper
    return result.get_result()
           ^^^^^^^^^^^^^^^^^^^
/root/.venv/lib/python3.11/site-packages/pluggy/_callers.py:38: in run_old_style_hookwrapper
    res = yield
          ^^^^^
/root/.venv/lib/python3.11/site-packages/_pytest/setuponly.py:36: in pytest_fixture_setup
    return (yield)
            ^^^^^
/root/.venv/lib/python3.11/site-packages/_pytest/fixtures.py:1188: in pytest_fixture_setup
    warnings.warn(
E   pytest.PytestRemovedIn9Warning: 'test_manual_patch_supports_null_and_zero_years' requested an async fixture 'isolated_db', with no plugin or hook that handled it. This is usually an error, as pytest does not natively support it. This will turn into an error in pytest 9.
E   See: https://docs.pytest.org/en/stable/deprecations.html#sync-test-depending-on-async-fixture</error></testcase><testcase classname="backend.tests.test_classification_review_isolated" name="test_manual_patch_years_validation_strict" time="0.000"><error message="failed on setup with &quot;pytest.PytestRemovedIn9Warning: 'test_manual_patch_years_validation_strict' requested an async fixture 'isolated_db', with no plugin or hook that handled it. This is usually an error, as pytest does not natively support it. This will turn into an error in pytest 9.&#10;See: https://docs.pytest.org/en/stable/deprecations.html#sync-test-depending-on-async-fixture&quot;">/root/.venv/lib/python3.11/site-packages/_pytest/runner.py:353: in from_call
    result: TResult | None = func()
                             ^^^^^^
/root/.venv/lib/python3.11/site-packages/_pytest/runner.py:245: in &lt;lambda&gt;
    lambda: runtest_hook(item=item, **kwds),
            ^^^^^^^^^^^^^^^^^^^^^^^^^^^^^^^
/root/.venv/lib/python3.11/site-packages/pluggy/_hooks.py:512: in __call__
    return self._hookexec(self.name, self._hookimpls.copy(), kwargs, firstresult)
           ^^^^^^^^^^^^^^^^^^^^^^^^^^^^^^^^^^^^^^^^^^^^^^^^^^^^^^^^^^^^^^^^^^^^^^
/root/.venv/lib/python3.11/site-packages/pluggy/_manager.py:120: in _hookexec
    return self._inner_hookexec(hook_name, methods, kwargs, firstresult)
           ^^^^^^^^^^^^^^^^^^^^^^^^^^^^^^^^^^^^^^^^^^^^^^^^^^^^^^^^^^^^^
/root/.venv/lib/python3.11/site-packages/_pytest/logging.py:843: in pytest_runtest_setup
    yield
/root/.venv/lib/python3.11/site-packages/_pytest/capture.py:895: in pytest_runtest_setup
    return (yield)
            ^^^^^
/root/.venv/lib/python3.11/site-packages/_pytest/runner.py:165: in pytest_runtest_setup
    item.session._setupstate.setup(item)
/root/.venv/lib/python3.11/site-packages/_pytest/runner.py:523: in setup
    col.setup()
/root/.venv/lib/python3.11/site-packages/_pytest/python.py:1723: in setup
    self._request._fillfixtures()
/root/.venv/lib/python3.11/site-packages/_pytest/fixtures.py:707: in _fillfixtures
    item.funcargs[argname] = self.getfixturevalue(argname)
                             ^^^^^^^^^^^^^^^^^^^^^^^^^^^^^
/root/.venv/lib/python3.11/site-packages/_pytest/fixtures.py:539: in getfixturevalue
    fixturedef = self._get_active_fixturedef(argname)
                 ^^^^^^^^^^^^^^^^^^^^^^^^^^^^^^^^^^^^
/root/.venv/lib/python3.11/site-packages/_pytest/fixtures.py:627: in _get_active_fixturedef
    fixturedef.execute(request=subrequest)
/root/.venv/lib/python3.11/site-packages/_pytest/fixtures.py:1068: in execute
    fixturedef = request._get_active_fixturedef(argname)
                 ^^^^^^^^^^^^^^^^^^^^^^^^^^^^^^^^^^^^^^^
/root/.venv/lib/python3.11/site-packages/_pytest/fixtures.py:627: in _get_active_fixturedef
    fixturedef.execute(request=subrequest)
/root/.venv/lib/python3.11/site-packages/_pytest/fixtures.py:1110: in execute
    result: FixtureValue = ihook.pytest_fixture_setup(
/root/.venv/lib/python3.11/site-packages/pluggy/_hooks.py:512: in __call__
    return self._hookexec(self.name, self._hookimpls.copy(), kwargs, firstresult)
           ^^^^^^^^^^^^^^^^^^^^^^^^^^^^^^^^^^^^^^^^^^^^^^^^^^^^^^^^^^^^^^^^^^^^^^
/root/.venv/lib/python3.11/site-packages/pluggy/_manager.py:120: in _hookexec
    return self._inner_hookexec(hook_name, methods, kwargs, firstresult)
           ^^^^^^^^^^^^^^^^^^^^^^^^^^^^^^^^^^^^^^^^^^^^^^^^^^^^^^^^^^^^^
/root/.venv/lib/python3.11/site-packages/pluggy/_callers.py:53: in run_old_style_hookwrapper
    return result.get_result()
           ^^^^^^^^^^^^^^^^^^^
/root/.venv/lib/python3.11/site-packages/pluggy/_callers.py:38: in run_old_style_hookwrapper
    res = yield
          ^^^^^
/root/.venv/lib/python3.11/site-packages/_pytest/setuponly.py:36: in pytest_fixture_setup
    return (yield)
            ^^^^^
/root/.venv/lib/python3.11/site-packages/_pytest/fixtures.py:1188: in pytest_fixture_setup
    warnings.warn(
E   pytest.PytestRemovedIn9Warning: 'test_manual_patch_years_validation_strict' requested an async fixture 'isolated_db', with no plugin or hook that handled it. This is usually an error, as pytest does not natively support it. This will turn into an error in pytest 9.
E   See: https://docs.pytest.org/en/stable/deprecations.html#sync-test-depending-on-async-fixture</error></testcase><testcase classname="backend.tests.test_classification_review_isolated" name="test_manual_patch_invalid_catalog_returns_422" time="0.000"><error message="failed on setup with &quot;pytest.PytestRemovedIn9Warning: 'test_manual_patch_invalid_catalog_returns_422' requested an async fixture 'isolated_db', with no plugin or hook that handled it. This is usually an error, as pytest does not natively support it. This will turn into an error in pytest 9.&#10;See: https://docs.pytest.org/en/stable/deprecations.html#sync-test-depending-on-async-fixture&quot;">/root/.venv/lib/python3.11/site-packages/_pytest/runner.py:353: in from_call
    result: TResult | None = func()
                             ^^^^^^
/root/.venv/lib/python3.11/site-packages/_pytest/runner.py:245: in &lt;lambda&gt;
    lambda: runtest_hook(item=item, **kwds),
            ^^^^^^^^^^^^^^^^^^^^^^^^^^^^^^^
/root/.venv/lib/python3.11/site-packages/pluggy/_hooks.py:512: in __call__
    return self._hookexec(self.name, self._hookimpls.copy(), kwargs, firstresult)
           ^^^^^^^^^^^^^^^^^^^^^^^^^^^^^^^^^^^^^^^^^^^^^^^^^^^^^^^^^^^^^^^^^^^^^^
/root/.venv/lib/python3.11/site-packages/pluggy/_manager.py:120: in _hookexec
    return self._inner_hookexec(hook_name, methods, kwargs, firstresult)
           ^^^^^^^^^^^^^^^^^^^^^^^^^^^^^^^^^^^^^^^^^^^^^^^^^^^^^^^^^^^^^
/root/.venv/lib/python3.11/site-packages/_pytest/logging.py:843: in pytest_runtest_setup
    yield
/root/.venv/lib/python3.11/site-packages/_pytest/capture.py:895: in pytest_runtest_setup
    return (yield)
            ^^^^^
/root/.venv/lib/python3.11/site-packages/_pytest/runner.py:165: in pytest_runtest_setup
    item.session._setupstate.setup(item)
/root/.venv/lib/python3.11/site-packages/_pytest/runner.py:523: in setup
    col.setup()
/root/.venv/lib/python3.11/site-packages/_pytest/python.py:1723: in setup
    self._request._fillfixtures()
/root/.venv/lib/python3.11/site-packages/_pytest/fixtures.py:707: in _fillfixtures
    item.funcargs[argname] = self.getfixturevalue(argname)
                             ^^^^^^^^^^^^^^^^^^^^^^^^^^^^^
/root/.venv/lib/python3.11/site-packages/_pytest/fixtures.py:539: in getfixturevalue
    fixturedef = self._get_active_fixturedef(argname)
                 ^^^^^^^^^^^^^^^^^^^^^^^^^^^^^^^^^^^^
/root/.venv/lib/python3.11/site-packages/_pytest/fixtures.py:627: in _get_active_fixturedef
    fixturedef.execute(request=subrequest)
/root/.venv/lib/python3.11/site-packages/_pytest/fixtures.py:1068: in execute
    fixturedef = request._get_active_fixturedef(argname)
                 ^^^^^^^^^^^^^^^^^^^^^^^^^^^^^^^^^^^^^^^
/root/.venv/lib/python3.11/site-packages/_pytest/fixtures.py:627: in _get_active_fixturedef
    fixturedef.execute(request=subrequest)
/root/.venv/lib/python3.11/site-packages/_pytest/fixtures.py:1110: in execute
    result: FixtureValue = ihook.pytest_fixture_setup(
/root/.venv/lib/python3.11/site-packages/pluggy/_hooks.py:512: in __call__
    return self._hookexec(self.name, self._hookimpls.copy(), kwargs, firstresult)
           ^^^^^^^^^^^^^^^^^^^^^^^^^^^^^^^^^^^^^^^^^^^^^^^^^^^^^^^^^^^^^^^^^^^^^^
/root/.venv/lib/python3.11/site-packages/pluggy/_manager.py:120: in _hookexec
    return self._inner_hookexec(hook_name, methods, kwargs, firstresult)
           ^^^^^^^^^^^^^^^^^^^^^^^^^^^^^^^^^^^^^^^^^^^^^^^^^^^^^^^^^^^^^
/root/.venv/lib/python3.11/site-packages/pluggy/_callers.py:53: in run_old_style_hookwrapper
    return result.get_result()
           ^^^^^^^^^^^^^^^^^^^
/root/.venv/lib/python3.11/site-packages/pluggy/_callers.py:38: in run_old_style_hookwrapper
    res = yield
          ^^^^^
/root/.venv/lib/python3.11/site-packages/_pytest/setuponly.py:36: in pytest_fixture_setup
    return (yield)
            ^^^^^
/root/.venv/lib/python3.11/site-packages/_pytest/fixtures.py:1188: in pytest_fixture_setup
    warnings.warn(
E   pytest.PytestRemovedIn9Warning: 'test_manual_patch_invalid_catalog_returns_422' requested an async fixture 'isolated_db', with no plugin or hook that handled it. This is usually an error, as pytest does not natively support it. This will turn into an error in pytest 9.
E   See: https://docs.pytest.org/en/stable/deprecations.html#sync-test-depending-on-async-fixture</error></testcase><testcase classname="backend.tests.test_classification_review_isolated" name="test_manual_patch_ai_null_supported_and_not_approved" time="0.000"><error message="failed on setup with &quot;pytest.PytestRemovedIn9Warning: 'test_manual_patch_ai_null_supported_and_not_approved' requested an async fixture 'isolated_db', with no plugin or hook that handled it. This is usually an error, as pytest does not natively support it. This will turn into an error in pytest 9.&#10;See: https://docs.pytest.org/en/stable/deprecations.html#sync-test-depending-on-async-fixture&quot;">/root/.venv/lib/python3.11/site-packages/_pytest/runner.py:353: in from_call
    result: TResult | None = func()
                             ^^^^^^
/root/.venv/lib/python3.11/site-packages/_pytest/runner.py:245: in &lt;lambda&gt;
    lambda: runtest_hook(item=item, **kwds),
            ^^^^^^^^^^^^^^^^^^^^^^^^^^^^^^^
/root/.venv/lib/python3.11/site-packages/pluggy/_hooks.py:512: in __call__
    return self._hookexec(self.name, self._hookimpls.copy(), kwargs, firstresult)
           ^^^^^^^^^^^^^^^^^^^^^^^^^^^^^^^^^^^^^^^^^^^^^^^^^^^^^^^^^^^^^^^^^^^^^^
/root/.venv/lib/python3.11/site-packages/pluggy/_manager.py:120: in _hookexec
    return self._inner_hookexec(hook_name, methods, kwargs, firstresult)
           ^^^^^^^^^^^^^^^^^^^^^^^^^^^^^^^^^^^^^^^^^^^^^^^^^^^^^^^^^^^^^
/root/.venv/lib/python3.11/site-packages/_pytest/logging.py:843: in pytest_runtest_setup
    yield
/root/.venv/lib/python3.11/site-packages/_pytest/capture.py:895: in pytest_runtest_setup
    return (yield)
            ^^^^^
/root/.venv/lib/python3.11/site-packages/_pytest/runner.py:165: in pytest_runtest_setup
    item.session._setupstate.setup(item)
/root/.venv/lib/python3.11/site-packages/_pytest/runner.py:523: in setup
    col.setup()
/root/.venv/lib/python3.11/site-packages/_pytest/python.py:1723: in setup
    self._request._fillfixtures()
/root/.venv/lib/python3.11/site-packages/_pytest/fixtures.py:707: in _fillfixtures
    item.funcargs[argname] = self.getfixturevalue(argname)
                             ^^^^^^^^^^^^^^^^^^^^^^^^^^^^^
/root/.venv/lib/python3.11/site-packages/_pytest/fixtures.py:539: in getfixturevalue
    fixturedef = self._get_active_fixturedef(argname)
                 ^^^^^^^^^^^^^^^^^^^^^^^^^^^^^^^^^^^^
/root/.venv/lib/python3.11/site-packages/_pytest/fixtures.py:627: in _get_active_fixturedef
    fixturedef.execute(request=subrequest)
/root/.venv/lib/python3.11/site-packages/_pytest/fixtures.py:1068: in execute
    fixturedef = request._get_active_fixturedef(argname)
                 ^^^^^^^^^^^^^^^^^^^^^^^^^^^^^^^^^^^^^^^
/root/.venv/lib/python3.11/site-packages/_pytest/fixtures.py:627: in _get_active_fixturedef
    fixturedef.execute(request=subrequest)
/root/.venv/lib/python3.11/site-packages/_pytest/fixtures.py:1110: in execute
    result: FixtureValue = ihook.pytest_fixture_setup(
/root/.venv/lib/python3.11/site-packages/pluggy/_hooks.py:512: in __call__
    return self._hookexec(self.name, self._hookimpls.copy(), kwargs, firstresult)
           ^^^^^^^^^^^^^^^^^^^^^^^^^^^^^^^^^^^^^^^^^^^^^^^^^^^^^^^^^^^^^^^^^^^^^^
/root/.venv/lib/python3.11/site-packages/pluggy/_manager.py:120: in _hookexec
    return self._inner_hookexec(hook_name, methods, kwargs, firstresult)
           ^^^^^^^^^^^^^^^^^^^^^^^^^^^^^^^^^^^^^^^^^^^^^^^^^^^^^^^^^^^^^
/root/.venv/lib/python3.11/site-packages/pluggy/_callers.py:53: in run_old_style_hookwrapper
    return result.get_result()
           ^^^^^^^^^^^^^^^^^^^
/root/.venv/lib/python3.11/site-packages/pluggy/_callers.py:38: in run_old_style_hookwrapper
    res = yield
          ^^^^^
/root/.venv/lib/python3.11/site-packages/_pytest/setuponly.py:36: in pytest_fixture_setup
    return (yield)
            ^^^^^
/root/.venv/lib/python3.11/site-packages/_pytest/fixtures.py:1188: in pytest_fixture_setup
    warnings.warn(
E   pytest.PytestRemovedIn9Warning: 'test_manual_patch_ai_null_supported_and_not_approved' requested an async fixture 'isolated_db', with no plugin or hook that handled it. This is usually an error, as pytest does not natively support it. This will turn into an error in pytest 9.
E   See: https://docs.pytest.org/en/stable/deprecations.html#sync-test-depending-on-async-fixture</error></testcase><testcase classname="backend.tests.test_classification_review_isolated" name="test_manual_patch_concurrent_edits_preserve_both_fields" time="0.000"><error message="failed on setup with &quot;pytest.PytestRemovedIn9Warning: 'test_manual_patch_concurrent_edits_preserve_both_fields' requested an async fixture 'isolated_db', with no plugin or hook that handled it. This is usually an error, as pytest does not natively support it. This will turn into an error in pytest 9.&#10;See: https://docs.pytest.org/en/stable/deprecations.html#sync-test-depending-on-async-fixture&quot;">/root/.venv/lib/python3.11/site-packages/_pytest/runner.py:353: in from_call
    result: TResult | None = func()
                             ^^^^^^
/root/.venv/lib/python3.11/site-packages/_pytest/runner.py:245: in &lt;lambda&gt;
    lambda: runtest_hook(item=item, **kwds),
            ^^^^^^^^^^^^^^^^^^^^^^^^^^^^^^^
/root/.venv/lib/python3.11/site-packages/pluggy/_hooks.py:512: in __call__
    return self._hookexec(self.name, self._hookimpls.copy(), kwargs, firstresult)
           ^^^^^^^^^^^^^^^^^^^^^^^^^^^^^^^^^^^^^^^^^^^^^^^^^^^^^^^^^^^^^^^^^^^^^^
/root/.venv/lib/python3.11/site-packages/pluggy/_manager.py:120: in _hookexec
    return self._inner_hookexec(hook_name, methods, kwargs, firstresult)
           ^^^^^^^^^^^^^^^^^^^^^^^^^^^^^^^^^^^^^^^^^^^^^^^^^^^^^^^^^^^^^
/root/.venv/lib/python3.11/site-packages/_pytest/logging.py:843: in pytest_runtest_setup
    yield
/root/.venv/lib/python3.11/site-packages/_pytest/capture.py:895: in pytest_runtest_setup
    return (yield)
            ^^^^^
/root/.venv/lib/python3.11/site-packages/_pytest/runner.py:165: in pytest_runtest_setup
    item.session._setupstate.setup(item)
/root/.venv/lib/python3.11/site-packages/_pytest/runner.py:523: in setup
    col.setup()
/root/.venv/lib/python3.11/site-packages/_pytest/python.py:1723: in setup
    self._request._fillfixtures()
/root/.venv/lib/python3.11/site-packages/_pytest/fixtures.py:707: in _fillfixtures
    item.funcargs[argname] = self.getfixturevalue(argname)
                             ^^^^^^^^^^^^^^^^^^^^^^^^^^^^^
/root/.venv/lib/python3.11/site-packages/_pytest/fixtures.py:539: in getfixturevalue
    fixturedef = self._get_active_fixturedef(argname)
                 ^^^^^^^^^^^^^^^^^^^^^^^^^^^^^^^^^^^^
/root/.venv/lib/python3.11/site-packages/_pytest/fixtures.py:627: in _get_active_fixturedef
    fixturedef.execute(request=subrequest)
/root/.venv/lib/python3.11/site-packages/_pytest/fixtures.py:1068: in execute
    fixturedef = request._get_active_fixturedef(argname)
                 ^^^^^^^^^^^^^^^^^^^^^^^^^^^^^^^^^^^^^^^
/root/.venv/lib/python3.11/site-packages/_pytest/fixtures.py:627: in _get_active_fixturedef
    fixturedef.execute(request=subrequest)
/root/.venv/lib/python3.11/site-packages/_pytest/fixtures.py:1110: in execute
    result: FixtureValue = ihook.pytest_fixture_setup(
/root/.venv/lib/python3.11/site-packages/pluggy/_hooks.py:512: in __call__
    return self._hookexec(self.name, self._hookimpls.copy(), kwargs, firstresult)
           ^^^^^^^^^^^^^^^^^^^^^^^^^^^^^^^^^^^^^^^^^^^^^^^^^^^^^^^^^^^^^^^^^^^^^^
/root/.venv/lib/python3.11/site-packages/pluggy/_manager.py:120: in _hookexec
    return self._inner_hookexec(hook_name, methods, kwargs, firstresult)
           ^^^^^^^^^^^^^^^^^^^^^^^^^^^^^^^^^^^^^^^^^^^^^^^^^^^^^^^^^^^^^
/root/.venv/lib/python3.11/site-packages/pluggy/_callers.py:53: in run_old_style_hookwrapper
    return result.get_result()
           ^^^^^^^^^^^^^^^^^^^
/root/.venv/lib/python3.11/site-packages/pluggy/_callers.py:38: in run_old_style_hookwrapper
    res = yield
          ^^^^^
/root/.venv/lib/python3.11/site-packages/_pytest/setuponly.py:36: in pytest_fixture_setup
    return (yield)
            ^^^^^
/root/.venv/lib/python3.11/site-packages/_pytest/fixtures.py:1188: in pytest_fixture_setup
    warnings.warn(
E   pytest.PytestRemovedIn9Warning: 'test_manual_patch_concurrent_edits_preserve_both_fields' requested an async fixture 'isolated_db', with no plugin or hook that handled it. This is usually an error, as pytest does not natively support it. This will turn into an error in pytest 9.
E   See: https://docs.pytest.org/en/stable/deprecations.html#sync-test-depending-on-async-fixture</error></testcase><testcase classname="backend.tests.test_classification_review_isolated" name="test_approve_single_valid_and_preserves_years" time="0.000"><error message="failed on setup with &quot;pytest.PytestRemovedIn9Warning: 'test_approve_single_valid_and_preserves_years' requested an async fixture 'isolated_db', with no plugin or hook that handled it. This is usually an error, as pytest does not natively support it. This will turn into an error in pytest 9.&#10;See: https://docs.pytest.org/en/stable/deprecations.html#sync-test-depending-on-async-fixture&quot;">/root/.venv/lib/python3.11/site-packages/_pytest/runner.py:353: in from_call
    result: TResult | None = func()
                             ^^^^^^
/root/.venv/lib/python3.11/site-packages/_pytest/runner.py:245: in &lt;lambda&gt;
    lambda: runtest_hook(item=item, **kwds),
            ^^^^^^^^^^^^^^^^^^^^^^^^^^^^^^^
/root/.venv/lib/python3.11/site-packages/pluggy/_hooks.py:512: in __call__
    return self._hookexec(self.name, self._hookimpls.copy(), kwargs, firstresult)
           ^^^^^^^^^^^^^^^^^^^^^^^^^^^^^^^^^^^^^^^^^^^^^^^^^^^^^^^^^^^^^^^^^^^^^^
/root/.venv/lib/python3.11/site-packages/pluggy/_manager.py:120: in _hookexec
    return self._inner_hookexec(hook_name, methods, kwargs, firstresult)
           ^^^^^^^^^^^^^^^^^^^^^^^^^^^^^^^^^^^^^^^^^^^^^^^^^^^^^^^^^^^^^
/root/.venv/lib/python3.11/site-packages/_pytest/logging.py:843: in pytest_runtest_setup
    yield
/root/.venv/lib/python3.11/site-packages/_pytest/capture.py:895: in pytest_runtest_setup
    return (yield)
            ^^^^^
/root/.venv/lib/python3.11/site-packages/_pytest/runner.py:165: in pytest_runtest_setup
    item.session._setupstate.setup(item)
/root/.venv/lib/python3.11/site-packages/_pytest/runner.py:523: in setup
    col.setup()
/root/.venv/lib/python3.11/site-packages/_pytest/python.py:1723: in setup
    self._request._fillfixtures()
/root/.venv/lib/python3.11/site-packages/_pytest/fixtures.py:707: in _fillfixtures
    item.funcargs[argname] = self.getfixturevalue(argname)
                             ^^^^^^^^^^^^^^^^^^^^^^^^^^^^^
/root/.venv/lib/python3.11/site-packages/_pytest/fixtures.py:539: in getfixturevalue
    fixturedef = self._get_active_fixturedef(argname)
                 ^^^^^^^^^^^^^^^^^^^^^^^^^^^^^^^^^^^^
/root/.venv/lib/python3.11/site-packages/_pytest/fixtures.py:627: in _get_active_fixturedef
    fixturedef.execute(request=subrequest)
/root/.venv/lib/python3.11/site-packages/_pytest/fixtures.py:1068: in execute
    fixturedef = request._get_active_fixturedef(argname)
                 ^^^^^^^^^^^^^^^^^^^^^^^^^^^^^^^^^^^^^^^
/root/.venv/lib/python3.11/site-packages/_pytest/fixtures.py:627: in _get_active_fixturedef
    fixturedef.execute(request=subrequest)
/root/.venv/lib/python3.11/site-packages/_pytest/fixtures.py:1110: in execute
    result: FixtureValue = ihook.pytest_fixture_setup(
/root/.venv/lib/python3.11/site-packages/pluggy/_hooks.py:512: in __call__
    return self._hookexec(self.name, self._hookimpls.copy(), kwargs, firstresult)
           ^^^^^^^^^^^^^^^^^^^^^^^^^^^^^^^^^^^^^^^^^^^^^^^^^^^^^^^^^^^^^^^^^^^^^^
/root/.venv/lib/python3.11/site-packages/pluggy/_manager.py:120: in _hookexec
    return self._inner_hookexec(hook_name, methods, kwargs, firstresult)
           ^^^^^^^^^^^^^^^^^^^^^^^^^^^^^^^^^^^^^^^^^^^^^^^^^^^^^^^^^^^^^
/root/.venv/lib/python3.11/site-packages/pluggy/_callers.py:53: in run_old_style_hookwrapper
    return result.get_result()
           ^^^^^^^^^^^^^^^^^^^
/root/.venv/lib/python3.11/site-packages/pluggy/_callers.py:38: in run_old_style_hookwrapper
    res = yield
          ^^^^^
/root/.venv/lib/python3.11/site-packages/_pytest/setuponly.py:36: in pytest_fixture_setup
    return (yield)
            ^^^^^
/root/.venv/lib/python3.11/site-packages/_pytest/fixtures.py:1188: in pytest_fixture_setup
    warnings.warn(
E   pytest.PytestRemovedIn9Warning: 'test_approve_single_valid_and_preserves_years' requested an async fixture 'isolated_db', with no plugin or hook that handled it. This is usually an error, as pytest does not natively support it. This will turn into an error in pytest 9.
E   See: https://docs.pytest.org/en/stable/deprecations.html#sync-test-depending-on-async-fixture</error></testcase><testcase classname="backend.tests.test_classification_review_isolated" name="test_approve_single_rejects_incomplete_or_noncanonical" time="0.000"><error message="failed on setup with &quot;pytest.PytestRemovedIn9Warning: 'test_approve_single_rejects_incomplete_or_noncanonical' requested an async fixture 'isolated_db', with no plugin or hook that handled it. This is usually an error, as pytest does not natively support it. This will turn into an error in pytest 9.&#10;See: https://docs.pytest.org/en/stable/deprecations.html#sync-test-depending-on-async-fixture&quot;">/root/.venv/lib/python3.11/site-packages/_pytest/runner.py:353: in from_call
    result: TResult | None = func()
                             ^^^^^^
/root/.venv/lib/python3.11/site-packages/_pytest/runner.py:245: in &lt;lambda&gt;
    lambda: runtest_hook(item=item, **kwds),
            ^^^^^^^^^^^^^^^^^^^^^^^^^^^^^^^
/root/.venv/lib/python3.11/site-packages/pluggy/_hooks.py:512: in __call__
    return self._hookexec(self.name, self._hookimpls.copy(), kwargs, firstresult)
           ^^^^^^^^^^^^^^^^^^^^^^^^^^^^^^^^^^^^^^^^^^^^^^^^^^^^^^^^^^^^^^^^^^^^^^
/root/.venv/lib/python3.11/site-packages/pluggy/_manager.py:120: in _hookexec
    return self._inner_hookexec(hook_name, methods, kwargs, firstresult)
           ^^^^^^^^^^^^^^^^^^^^^^^^^^^^^^^^^^^^^^^^^^^^^^^^^^^^^^^^^^^^^
/root/.venv/lib/python3.11/site-packages/_pytest/logging.py:843: in pytest_runtest_setup
    yield
/root/.venv/lib/python3.11/site-packages/_pytest/capture.py:895: in pytest_runtest_setup
    return (yield)
            ^^^^^
/root/.venv/lib/python3.11/site-packages/_pytest/runner.py:165: in pytest_runtest_setup
    item.session._setupstate.setup(item)
/root/.venv/lib/python3.11/site-packages/_pytest/runner.py:523: in setup
    col.setup()
/root/.venv/lib/python3.11/site-packages/_pytest/python.py:1723: in setup
    self._request._fillfixtures()
/root/.venv/lib/python3.11/site-packages/_pytest/fixtures.py:707: in _fillfixtures
    item.funcargs[argname] = self.getfixturevalue(argname)
                             ^^^^^^^^^^^^^^^^^^^^^^^^^^^^^
/root/.venv/lib/python3.11/site-packages/_pytest/fixtures.py:539: in getfixturevalue
    fixturedef = self._get_active_fixturedef(argname)
                 ^^^^^^^^^^^^^^^^^^^^^^^^^^^^^^^^^^^^
/root/.venv/lib/python3.11/site-packages/_pytest/fixtures.py:627: in _get_active_fixturedef
    fixturedef.execute(request=subrequest)
/root/.venv/lib/python3.11/site-packages/_pytest/fixtures.py:1068: in execute
    fixturedef = request._get_active_fixturedef(argname)
                 ^^^^^^^^^^^^^^^^^^^^^^^^^^^^^^^^^^^^^^^
/root/.venv/lib/python3.11/site-packages/_pytest/fixtures.py:627: in _get_active_fixturedef
    fixturedef.execute(request=subrequest)
/root/.venv/lib/python3.11/site-packages/_pytest/fixtures.py:1110: in execute
    result: FixtureValue = ihook.pytest_fixture_setup(
/root/.venv/lib/python3.11/site-packages/pluggy/_hooks.py:512: in __call__
    return self._hookexec(self.name, self._hookimpls.copy(), kwargs, firstresult)
           ^^^^^^^^^^^^^^^^^^^^^^^^^^^^^^^^^^^^^^^^^^^^^^^^^^^^^^^^^^^^^^^^^^^^^^
/root/.venv/lib/python3.11/site-packages/pluggy/_manager.py:120: in _hookexec
    return self._inner_hookexec(hook_name, methods, kwargs, firstresult)
           ^^^^^^^^^^^^^^^^^^^^^^^^^^^^^^^^^^^^^^^^^^^^^^^^^^^^^^^^^^^^^
/root/.venv/lib/python3.11/site-packages/pluggy/_callers.py:53: in run_old_style_hookwrapper
    return result.get_result()
           ^^^^^^^^^^^^^^^^^^^
/root/.venv/lib/python3.11/site-packages/pluggy/_callers.py:38: in run_old_style_hookwrapper
    res = yield
          ^^^^^
/root/.venv/lib/python3.11/site-packages/_pytest/setuponly.py:36: in pytest_fixture_setup
    return (yield)
            ^^^^^
/root/.venv/lib/python3.11/site-packages/_pytest/fixtures.py:1188: in pytest_fixture_setup
    warnings.warn(
E   pytest.PytestRemovedIn9Warning: 'test_approve_single_rejects_incomplete_or_noncanonical' requested an async fixture 'isolated_db', with no plugin or hook that handled it. This is usually an error, as pytest does not natively support it. This will turn into an error in pytest 9.
E   See: https://docs.pytest.org/en/stable/deprecations.html#sync-test-depending-on-async-fixture</error></testcase><testcase classname="backend.tests.test_classification_review_isolated" name="test_bulk_approve_partial_errors_keep_failed_pending" time="0.000"><error message="failed on setup with &quot;pytest.PytestRemovedIn9Warning: 'test_bulk_approve_partial_errors_keep_failed_pending' requested an async fixture 'isolated_db', with no plugin or hook that handled it. This is usually an error, as pytest does not natively support it. This will turn into an error in pytest 9.&#10;See: https://docs.pytest.org/en/stable/deprecations.html#sync-test-depending-on-async-fixture&quot;">/root/.venv/lib/python3.11/site-packages/_pytest/runner.py:353: in from_call
    result: TResult | None = func()
                             ^^^^^^
/root/.venv/lib/python3.11/site-packages/_pytest/runner.py:245: in &lt;lambda&gt;
    lambda: runtest_hook(item=item, **kwds),
            ^^^^^^^^^^^^^^^^^^^^^^^^^^^^^^^
/root/.venv/lib/python3.11/site-packages/pluggy/_hooks.py:512: in __call__
    return self._hookexec(self.name, self._hookimpls.copy(), kwargs, firstresult)
           ^^^^^^^^^^^^^^^^^^^^^^^^^^^^^^^^^^^^^^^^^^^^^^^^^^^^^^^^^^^^^^^^^^^^^^
/root/.venv/lib/python3.11/site-packages/pluggy/_manager.py:120: in _hookexec
    return self._inner_hookexec(hook_name, methods, kwargs, firstresult)
           ^^^^^^^^^^^^^^^^^^^^^^^^^^^^^^^^^^^^^^^^^^^^^^^^^^^^^^^^^^^^^
/root/.venv/lib/python3.11/site-packages/_pytest/logging.py:843: in pytest_runtest_setup
    yield
/root/.venv/lib/python3.11/site-packages/_pytest/capture.py:895: in pytest_runtest_setup
    return (yield)
            ^^^^^
/root/.venv/lib/python3.11/site-packages/_pytest/runner.py:165: in pytest_runtest_setup
    item.session._setupstate.setup(item)
/root/.venv/lib/python3.11/site-packages/_pytest/runner.py:523: in setup
    col.setup()
/root/.venv/lib/python3.11/site-packages/_pytest/python.py:1723: in setup
    self._request._fillfixtures()
/root/.venv/lib/python3.11/site-packages/_pytest/fixtures.py:707: in _fillfixtures
    item.funcargs[argname] = self.getfixturevalue(argname)
                             ^^^^^^^^^^^^^^^^^^^^^^^^^^^^^
/root/.venv/lib/python3.11/site-packages/_pytest/fixtures.py:539: in getfixturevalue
    fixturedef = self._get_active_fixturedef(argname)
                 ^^^^^^^^^^^^^^^^^^^^^^^^^^^^^^^^^^^^
/root/.venv/lib/python3.11/site-packages/_pytest/fixtures.py:627: in _get_active_fixturedef
    fixturedef.execute(request=subrequest)
/root/.venv/lib/python3.11/site-packages/_pytest/fixtures.py:1068: in execute
    fixturedef = request._get_active_fixturedef(argname)
                 ^^^^^^^^^^^^^^^^^^^^^^^^^^^^^^^^^^^^^^^
/root/.venv/lib/python3.11/site-packages/_pytest/fixtures.py:627: in _get_active_fixturedef
    fixturedef.execute(request=subrequest)
/root/.venv/lib/python3.11/site-packages/_pytest/fixtures.py:1110: in execute
    result: FixtureValue = ihook.pytest_fixture_setup(
/root/.venv/lib/python3.11/site-packages/pluggy/_hooks.py:512: in __call__
    return self._hookexec(self.name, self._hookimpls.copy(), kwargs, firstresult)
           ^^^^^^^^^^^^^^^^^^^^^^^^^^^^^^^^^^^^^^^^^^^^^^^^^^^^^^^^^^^^^^^^^^^^^^
/root/.venv/lib/python3.11/site-packages/pluggy/_manager.py:120: in _hookexec
    return self._inner_hookexec(hook_name, methods, kwargs, firstresult)
           ^^^^^^^^^^^^^^^^^^^^^^^^^^^^^^^^^^^^^^^^^^^^^^^^^^^^^^^^^^^^^
/root/.venv/lib/python3.11/site-packages/pluggy/_callers.py:53: in run_old_style_hookwrapper
    return result.get_result()
           ^^^^^^^^^^^^^^^^^^^
/root/.venv/lib/python3.11/site-packages/pluggy/_callers.py:38: in run_old_style_hookwrapper
    res = yield
          ^^^^^
/root/.venv/lib/python3.11/site-packages/_pytest/setuponly.py:36: in pytest_fixture_setup
    return (yield)
            ^^^^^
/root/.venv/lib/python3.11/site-packages/_pytest/fixtures.py:1188: in pytest_fixture_setup
    warnings.warn(
E   pytest.PytestRemovedIn9Warning: 'test_bulk_approve_partial_errors_keep_failed_pending' requested an async fixture 'isolated_db', with no plugin or hook that handled it. This is usually an error, as pytest does not natively support it. This will turn into an error in pytest 9.
E   See: https://docs.pytest.org/en/stable/deprecations.html#sync-test-depending-on-async-fixture</error></testcase><testcase classname="backend.tests.test_classification_review_isolated" name="test_bulk_approve_empty_payload_returns_400" time="0.000"><error message="failed on setup with &quot;pytest.PytestRemovedIn9Warning: 'test_bulk_approve_empty_payload_returns_400' requested an async fixture 'isolated_db', with no plugin or hook that handled it. This is usually an error, as pytest does not natively support it. This will turn into an error in pytest 9.&#10;See: https://docs.pytest.org/en/stable/deprecations.html#sync-test-depending-on-async-fixture&quot;">/root/.venv/lib/python3.11/site-packages/_pytest/runner.py:353: in from_call
    result: TResult | None = func()
                             ^^^^^^
/root/.venv/lib/python3.11/site-packages/_pytest/runner.py:245: in &lt;lambda&gt;
    lambda: runtest_hook(item=item, **kwds),
            ^^^^^^^^^^^^^^^^^^^^^^^^^^^^^^^
/root/.venv/lib/python3.11/site-packages/pluggy/_hooks.py:512: in __call__
    return self._hookexec(self.name, self._hookimpls.copy(), kwargs, firstresult)
           ^^^^^^^^^^^^^^^^^^^^^^^^^^^^^^^^^^^^^^^^^^^^^^^^^^^^^^^^^^^^^^^^^^^^^^
/root/.venv/lib/python3.11/site-packages/pluggy/_manager.py:120: in _hookexec
    return self._inner_hookexec(hook_name, methods, kwargs, firstresult)
           ^^^^^^^^^^^^^^^^^^^^^^^^^^^^^^^^^^^^^^^^^^^^^^^^^^^^^^^^^^^^^
/root/.venv/lib/python3.11/site-packages/_pytest/logging.py:843: in pytest_runtest_setup
    yield
/root/.venv/lib/python3.11/site-packages/_pytest/capture.py:895: in pytest_runtest_setup
    return (yield)
            ^^^^^
/root/.venv/lib/python3.11/site-packages/_pytest/runner.py:165: in pytest_runtest_setup
    item.session._setupstate.setup(item)
/root/.venv/lib/python3.11/site-packages/_pytest/runner.py:523: in setup
    col.setup()
/root/.venv/lib/python3.11/site-packages/_pytest/python.py:1723: in setup
    self._request._fillfixtures()
/root/.venv/lib/python3.11/site-packages/_pytest/fixtures.py:707: in _fillfixtures
    item.funcargs[argname] = self.getfixturevalue(argname)
                             ^^^^^^^^^^^^^^^^^^^^^^^^^^^^^
/root/.venv/lib/python3.11/site-packages/_pytest/fixtures.py:539: in getfixturevalue
    fixturedef = self._get_active_fixturedef(argname)
                 ^^^^^^^^^^^^^^^^^^^^^^^^^^^^^^^^^^^^
/root/.venv/lib/python3.11/site-packages/_pytest/fixtures.py:627: in _get_active_fixturedef
    fixturedef.execute(request=subrequest)
/root/.venv/lib/python3.11/site-packages/_pytest/fixtures.py:1068: in execute
    fixturedef = request._get_active_fixturedef(argname)
                 ^^^^^^^^^^^^^^^^^^^^^^^^^^^^^^^^^^^^^^^
/root/.venv/lib/python3.11/site-packages/_pytest/fixtures.py:627: in _get_active_fixturedef
    fixturedef.execute(request=subrequest)
/root/.venv/lib/python3.11/site-packages/_pytest/fixtures.py:1110: in execute
    result: FixtureValue = ihook.pytest_fixture_setup(
/root/.venv/lib/python3.11/site-packages/pluggy/_hooks.py:512: in __call__
    return self._hookexec(self.name, self._hookimpls.copy(), kwargs, firstresult)
           ^^^^^^^^^^^^^^^^^^^^^^^^^^^^^^^^^^^^^^^^^^^^^^^^^^^^^^^^^^^^^^^^^^^^^^
/root/.venv/lib/python3.11/site-packages/pluggy/_manager.py:120: in _hookexec
    return self._inner_hookexec(hook_name, methods, kwargs, firstresult)
           ^^^^^^^^^^^^^^^^^^^^^^^^^^^^^^^^^^^^^^^^^^^^^^^^^^^^^^^^^^^^^
/root/.venv/lib/python3.11/site-packages/pluggy/_callers.py:53: in run_old_style_hookwrapper
    return result.get_result()
           ^^^^^^^^^^^^^^^^^^^
/root/.venv/lib/python3.11/site-packages/pluggy/_callers.py:38: in run_old_style_hookwrapper
    res = yield
          ^^^^^
/root/.venv/lib/python3.11/site-packages/_pytest/setuponly.py:36: in pytest_fixture_setup
    return (yield)
            ^^^^^
/root/.venv/lib/python3.11/site-packages/_pytest/fixtures.py:1188: in pytest_fixture_setup
    warnings.warn(
E   pytest.PytestRemovedIn9Warning: 'test_bulk_approve_empty_payload_returns_400' requested an async fixture 'isolated_db', with no plugin or hook that handled it. This is usually an error, as pytest does not natively support it. This will turn into an error in pytest 9.
E   See: https://docs.pytest.org/en/stable/deprecations.html#sync-test-depending-on-async-fixture</error></testcase></testsuite></testsuites>