<?xml version="1.0" encoding="utf-8"?><testsuites name="pytest tests"><testsuite name="pytest" errors="0" failures="0" skipped="0" tests="5" time="5.941" timestamp="2026-07-02T20:18:23.164811+00:00" hostname="agent-env-fb811bfc-c655-45d7-9605-b13d97269c64"><testcase classname="backend.tests.test_scorecard_v3.TestScorecardEndpoints" name="test_put_scorecard_executive" time="0.957" /><testcase classname="backend.tests.test_scorecard_v3.TestScorecardEndpoints" name="test_get_saved_scorecard" time="0.267" /><testcase classname="backend.tests.test_scorecard_v3.TestScorecardEndpoints" name="test_get_derived_scorecard_manager" time="0.195" /><testcase classname="backend.tests.test_scorecard_v3.TestMatchV3" name="test_match_v3_compare_mode" time="2.486" /><testcase classname="backend.tests.test_scorecard_v3.TestMatchV2Regression" name="test_match_v2_still_returns_known_candidates" time="1.978" /></testsuite></testsuites>