<?xml version="1.0" encoding="utf-8"?><testsuites name="pytest tests"><testsuite name="pytest" errors="0" failures="0" skipped="0" tests="27" time="8.153" timestamp="2026-09-25T18:58:39.250608+00:00" hostname="agent-env-fb811bfc-c655-45d7-9605-b13d97269c64"><testcase classname="backend.tests.test_humaniq_manual_and_jobs_isolated" name="test_manual_patch_normalizes_legacy_and_english[IT-technology]" time="0.050" /><testcase classname="backend.tests.test_humaniq_manual_and_jobs_isolated" name="test_manual_patch_normalizes_legacy_and_english[Manufacturing-operations]" time="0.041" /><testcase classname="backend.tests.test_humaniq_manual_and_jobs_isolated" name="test_manual_patch_normalizes_legacy_and_english[customer service-operations]" time="0.039" /><testcase classname="backend.tests.test_humaniq_manual_and_jobs_isolated" name="test_manual_patch_normalizes_legacy_and_english[accounting-finance]" time="0.041" /><testcase classname="backend.tests.test_humaniq_manual_and_jobs_isolated" name="test_manual_patch_accepts_presentation_fields" time="0.041" /><testcase classname="backend.tests.test_humaniq_manual_and_jobs_isolated" name="test_subarea_invalid_for_area_is_dropped" time="0.041" /><testcase classname="backend.tests.test_humaniq_manual_and_jobs_isolated" name="test_subarea_valid_for_area_is_saved" time="0.040" /><testcase classname="backend.tests.test_humaniq_manual_and_jobs_isolated" name="test_salud_saves_null_engine_and_keeps_presentation" time="0.041" /><testcase classname="backend.tests.test_humaniq_manual_and_jobs_isolated" name="test_approval_not_blocked_for_salud" time="0.048" /><testcase classname="backend.tests.test_humaniq_manual_and_jobs_isolated" name="test_unrecognized_value_not_saved_as_engine" time="0.038" /><testcase classname="backend.tests.test_humaniq_manual_and_jobs_isolated" name="test_legacy_custom_area_still_accepted" time="0.046" /><testcase classname="backend.tests.test_humaniq_manual_and_jobs_isolated" name="test_totally_unknown_area_returns_422" time="0.036" /><testcase classname="backend.tests.test_humaniq_manual_and_jobs_isolated" name="test_job_create_normalizes_presentation_area_and_seniority" time="1.530" /><testcase classname="backend.tests.test_humaniq_manual_and_jobs_isolated" name="test_job_create_accepts_spanish_label" time="0.457" /><testcase classname="backend.tests.test_humaniq_manual_and_jobs_isolated" name="test_job_update_normalizes" time="0.856" /><testcase classname="backend.tests.test_humaniq_catalog" name="test_catalog_shape" time="0.000" /><testcase classname="backend.tests.test_humaniq_catalog" name="test_engine_keys_exist_in_affinity_matrix" time="0.000" /><testcase classname="backend.tests.test_humaniq_catalog" name="test_engine_seniorities_are_valid_enum_values" time="0.000" /><testcase classname="backend.tests.test_humaniq_catalog" name="test_salud_y_esg_sin_equivalencia_artificial" time="0.000" /><testcase classname="backend.tests.test_humaniq_catalog" name="test_normaliza_ingles_mayusculas_y_claves_historicas" time="0.000" /><testcase classname="backend.tests.test_humaniq_catalog" name="test_subarea_no_es_tapada_por_alias_de_area" time="0.000" /><testcase classname="backend.tests.test_humaniq_catalog" name="test_seniority_ingles_y_espanol" time="0.000" /><testcase classname="backend.tests.test_humaniq_catalog" name="test_valor_irreconocible_no_se_guarda" time="0.000" /><testcase classname="backend.tests.test_humaniq_catalog" name="test_public_catalog_expone_mapeo" time="0.000" /><testcase classname="backend.tests.test_humaniq_live_readonly" name="test_taxonomy_humaniq_shape" time="0.824" /><testcase classname="backend.tests.test_humaniq_live_readonly" name="test_taxonomy_lookup_includes_engine_labels" time="0.207" /><testcase classname="backend.tests.test_humaniq_live_readonly" name="test_angel_candidate_state" time="0.246" /></testsuite></testsuites>