<?xml version="1.0" encoding="utf-8"?><testsuites name="pytest tests"><testsuite name="pytest" errors="0" failures="0" skipped="2" tests="42" time="6.557" timestamp="2026-09-24T19:57:58.270998+00:00" hostname="agent-env-fb811bfc-c655-45d7-9605-b13d97269c64"><testcase classname="backend.tests.test_candidate_detail_option_a_isolated" name="test_classify_stores_ai_classification_and_updates_candidate[asyncio]" time="0.060" /><testcase classname="backend.tests.test_candidate_detail_option_a_isolated" name="test_manual_patch_each_field_persists_and_keeps_zero_vs_null[asyncio]" time="0.043" /><testcase classname="backend.tests.test_candidate_detail_option_a_isolated" name="test_manual_permissions_admin_assigned_recruiter_allowed_others_blocked[asyncio]" time="0.059" /><testcase classname="backend.tests.test_candidate_detail_option_a_isolated" name="test_manual_patch_returns_409_when_already_approved[asyncio]" time="0.042" /><testcase classname="backend.tests.test_candidate_detail_option_a_isolated" name="test_live_classify_single_synthetic_candidate_if_key_available[asyncio]" time="0.000"><skipped type="pytest.skip" message="La llamada IA real requiere autorización explícita">/app/backend/tests/test_candidate_detail_option_a_isolated.py:277: La llamada IA real requiere autorización explícita</skipped></testcase><testcase classname="backend.tests.test_cv_safety_storage_isolated" name="test_classify_missing_resume_returns_422_no_llm_and_sets_manual_capture[asyncio]" time="0.058" /><testcase classname="backend.tests.test_cv_safety_storage_isolated" name="test_classify_success_clears_read_error_and_persists_ai_once[asyncio]" time="0.055" /><testcase classname="backend.tests.test_cv_safety_storage_isolated" name="test_classify_conflict_and_deleted_not_found[asyncio]" time="0.055" /><testcase classname="backend.tests.test_cv_safety_storage_isolated" name="test_upload_resume_storage_failure_new_and_existing_keep_integrity[asyncio]" time="0.055" /><testcase classname="backend.tests.test_cv_safety_storage_isolated" name="test_upload_resume_existing_success_clears_storage_issue[asyncio]" time="0.052" /><testcase classname="backend.tests.test_cv_safety_storage_isolated" name="test_update_cv_storage_failure_marks_issue_without_adding_version[asyncio]" time="0.035" /><testcase classname="backend.tests.test_cv_safety_storage_isolated" name="test_process_cv_job_storage_failure_ends_failed_and_sets_marker[asyncio]" time="0.047" /><testcase classname="backend.tests.test_storage_service_retry_unit" name="test_upload_resume_retries_transient_and_reuses_same_object_key" time="0.000" /><testcase classname="backend.tests.test_storage_service_retry_unit" name="test_upload_resume_exhausts_after_three_transient_attempts" time="0.000" /><testcase classname="backend.tests.test_storage_service_retry_unit" name="test_upload_resume_fails_fast_on_permanent_provider_errors[400]" time="0.000" /><testcase classname="backend.tests.test_storage_service_retry_unit" name="test_upload_resume_fails_fast_on_permanent_provider_errors[401]" time="0.000" /><testcase classname="backend.tests.test_storage_service_retry_unit" name="test_upload_resume_fails_fast_on_permanent_provider_errors[402]" time="0.000" /><testcase classname="backend.tests.test_storage_service_retry_unit" name="test_upload_resume_fails_fast_on_permanent_provider_errors[403]" time="0.000" /><testcase classname="backend.tests.test_storage_service_retry_unit" name="test_upload_resume_fails_fast_on_permanent_provider_errors[439]" time="0.000" /><testcase classname="backend.tests.test_layer2_capa2_isolated" name="test_timeline_overlap_floor_last_decade_split_and_ongoing" time="0.000" /><testcase classname="backend.tests.test_layer2_capa2_isolated" name="test_timeline_tie_unknown_and_invalid_dates_are_not_invented" time="0.000" /><testcase classname="backend.tests.test_layer2_capa2_isolated" name="test_second_pass_years_zero_only_with_explicit_no_experience_statement[asyncio]" time="0.017" /><testcase classname="backend.tests.test_layer2_capa2_isolated" name="test_wrapper_bypasses_second_pass_for_high_confidence_and_years_zero[asyncio]" time="0.003" /><testcase classname="backend.tests.test_layer2_capa2_isolated" name="test_wrapper_triggers_one_second_pass_when_required[asyncio-first0-10]" time="0.003" /><testcase classname="backend.tests.test_layer2_capa2_isolated" name="test_wrapper_triggers_one_second_pass_when_required[asyncio-first1-10]" time="0.003" /><testcase classname="backend.tests.test_layer2_capa2_isolated" name="test_wrapper_triggers_one_second_pass_when_required[asyncio-first2-None]" time="0.003" /><testcase classname="backend.tests.test_layer2_capa2_isolated" name="test_wrapper_fallback_on_second_pass_failure[asyncio]" time="0.003" /><testcase classname="backend.tests.test_layer2_capa2_isolated" name="test_second_pass_full_text_not_truncated_cache_reuse_and_company_filter[asyncio]" time="0.031" /><testcase classname="backend.tests.test_layer2_capa2_isolated" name="test_second_pass_concurrent_duplicate_requests_join_single_call[asyncio]" time="2.033" /><testcase classname="backend.tests.test_layer2_capa2_isolated" name="test_second_pass_failed_auto_retry_policy_max_two[asyncio]" time="0.022" /><testcase classname="backend.tests.test_layer2_capa2_isolated" name="test_second_pass_quote_year_validation_and_unknown_company_not_inferred[asyncio]" time="0.015" /><testcase classname="backend.tests.test_layer2_capa2_isolated" name="test_recheck_routes_enqueue_dedupe_status_and_owner_scope[asyncio]" time="0.043" /><testcase classname="backend.tests.test_layer2_capa2_isolated" name="test_recheck_service_uses_active_cv_version_and_manual_capture_preserves_existing[asyncio]" time="0.040" /><testcase classname="backend.tests.test_layer2_capa2_isolated" name="test_recheck_candidate_rejects_human_approved_and_detects_cv_version_change[asyncio]" time="0.028" /><testcase classname="backend.tests.test_layer2_capa2_isolated" name="test_upload_worker_unreadable_sets_manual_capture_without_llm_calls[asyncio]" time="0.029" /><testcase classname="backend.tests.test_layer2_capa2_isolated" name="test_live_claude_smoke_single_synthetic_cv_and_cache[asyncio]" time="0.003"><skipped type="pytest.skip" message="Live calls are opt-in: RUN_LIVE_CLASSIFICATION_TEST=1">/app/backend/tests/test_layer2_capa2_isolated.py:551: Live calls are opt-in: RUN_LIVE_CLASSIFICATION_TEST=1</skipped></testcase><testcase classname="backend.tests.test_background_processor_isolated" name="test_processing_persists_across_instances_and_reports_failures[asyncio]" time="0.094" /><testcase classname="backend.tests.test_classification_review_isolated_v2" name="test_manual_patch_saves_fields_preserves_metadata_and_stays_pending[asyncio]" time="0.045" /><testcase classname="backend.tests.test_classification_review_isolated_v2" name="test_manual_patch_handles_ai_null_and_concurrent_merge[asyncio]" time="0.040" /><testcase classname="backend.tests.test_classification_review_isolated_v2" name="test_manual_patch_validation_and_rejections[asyncio]" time="0.044" /><testcase classname="backend.tests.test_classification_review_isolated_v2" name="test_approval_flows_bulk_mixed_and_pending_predicate_consistent[asyncio]" time="0.054" /><testcase classname="backend.tests.test_classification_review_isolated_v2" name="test_latest_batch_scoped_to_user_and_serializable[asyncio]" time="0.037" /></testsuite></testsuites>