<?xml version="1.0" encoding="utf-8"?><testsuites name="pytest tests"><testsuite name="pytest" errors="0" failures="2" skipped="0" tests="11" time="3.052" timestamp="2026-06-30T02:21:35.711881+00:00" hostname="agent-env-fb811bfc-c655-45d7-9605-b13d97269c64"><testcase classname="backend.tests.test_classifications_review.TestPendingClassifications" name="test_pending_returns_200_and_schema" time="1.485" /><testcase classname="backend.tests.test_classifications_review.TestPendingClassifications" name="test_pending_filters_low_confidence" time="0.106" /><testcase classname="backend.tests.test_classifications_review.TestPendingClassifications" name="test_pending_pagination" time="0.192" /><testcase classname="backend.tests.test_classifications_review.TestPendingClassifications" name="test_pending_requires_auth" time="0.099" /><testcase classname="backend.tests.test_classifications_review.TestPendingCount" name="test_count_returns_200" time="0.101" /><testcase classname="backend.tests.test_classifications_review.TestPendingCount" name="test_count_matches_pending_total" time="0.250" /><testcase classname="backend.tests.test_classifications_review.TestBulkApprove" name="test_bulk_approve_empty_list_returns_400" time="0.103" /><testcase classname="backend.tests.test_classifications_review.TestBulkApprove" name="test_bulk_approve_invalid_id" time="0.108" /><testcase classname="backend.tests.test_classifications_review.TestBulkApprove" name="test_bulk_approve_real_candidate_persists" time="0.208"><failure message="assert 0 == 1">backend/tests/test_classifications_review.py:131: in test_bulk_approve_real_candidate_persists
    assert body["approved_count"] == 1
E   assert 0 == 1</failure></testcase><testcase classname="backend.tests.test_classifications_review.TestCorrectClassification" name="test_correct_invalid_id_returns_404" time="0.106" /><testcase classname="backend.tests.test_classifications_review.TestCorrectClassification" name="test_correct_real_candidate_persists" time="0.206"><failure message="AssertionError: Internal Server Error&#10;assert 500 == 200&#10; +  where 500 = &lt;Response [500]&gt;.status_code">backend/tests/test_classifications_review.py:177: in test_correct_real_candidate_persists
    assert r2.status_code == 200, r2.text
E   AssertionError: Internal Server Error
E   assert 500 == 200
E    +  where 500 = &lt;Response [500]&gt;.status_code</failure></testcase></testsuite></testsuites>