<?xml version="1.0" encoding="utf-8"?><testsuites name="pytest tests"><testsuite name="pytest" errors="0" failures="0" skipped="0" tests="17" time="19.687" timestamp="2026-09-22T18:04:27.162428+00:00" hostname="agent-env-fb811bfc-c655-45d7-9605-b13d97269c64"><testcase classname="backend.tests.test_layer2_capa2_isolated" name="test_timeline_overlap_floor_last_decade_split_and_ongoing" time="0.001" /><testcase classname="backend.tests.test_layer2_capa2_isolated" name="test_timeline_tie_unknown_and_invalid_dates_are_not_invented" time="0.000" /><testcase classname="backend.tests.test_layer2_capa2_isolated" name="test_second_pass_years_zero_only_with_explicit_no_experience_statement[asyncio]" time="0.035" /><testcase classname="backend.tests.test_layer2_capa2_isolated" name="test_wrapper_bypasses_second_pass_for_high_confidence_and_years_zero[asyncio]" time="0.004" /><testcase classname="backend.tests.test_layer2_capa2_isolated" name="test_wrapper_triggers_one_second_pass_when_required[asyncio-first0-10]" time="0.003" /><testcase classname="backend.tests.test_layer2_capa2_isolated" name="test_wrapper_triggers_one_second_pass_when_required[asyncio-first1-10]" time="0.003" /><testcase classname="backend.tests.test_layer2_capa2_isolated" name="test_wrapper_triggers_one_second_pass_when_required[asyncio-first2-None]" time="0.003" /><testcase classname="backend.tests.test_layer2_capa2_isolated" name="test_wrapper_fallback_on_second_pass_failure[asyncio]" time="0.003" /><testcase classname="backend.tests.test_layer2_capa2_isolated" name="test_second_pass_full_text_not_truncated_cache_reuse_and_company_filter[asyncio]" time="0.055" /><testcase classname="backend.tests.test_layer2_capa2_isolated" name="test_second_pass_concurrent_duplicate_requests_join_single_call[asyncio]" time="2.060" /><testcase classname="backend.tests.test_layer2_capa2_isolated" name="test_second_pass_failed_auto_retry_policy_max_two[asyncio]" time="0.040" /><testcase classname="backend.tests.test_layer2_capa2_isolated" name="test_second_pass_quote_year_validation_and_unknown_company_not_inferred[asyncio]" time="0.031" /><testcase classname="backend.tests.test_layer2_capa2_isolated" name="test_recheck_routes_enqueue_dedupe_status_and_owner_scope[asyncio]" time="0.066" /><testcase classname="backend.tests.test_layer2_capa2_isolated" name="test_recheck_service_uses_active_cv_version_and_manual_capture_preserves_existing[asyncio]" time="0.078" /><testcase classname="backend.tests.test_layer2_capa2_isolated" name="test_recheck_candidate_rejects_human_approved_and_detects_cv_version_change[asyncio]" time="0.061" /><testcase classname="backend.tests.test_layer2_capa2_isolated" name="test_upload_worker_unreadable_sets_manual_capture_without_llm_calls[asyncio]" time="0.051" /><testcase classname="backend.tests.test_layer2_capa2_isolated" name="test_live_claude_smoke_single_synthetic_cv_and_cache[asyncio]" time="13.792" /></testsuite></testsuites>