<?xml version="1.0" encoding="utf-8"?><testsuites name="pytest tests"><testsuite name="pytest" errors="0" failures="0" skipped="0" tests="8" time="2.482" timestamp="2026-07-08T00:34:42.480997+00:00" hostname="agent-env-fb811bfc-c655-45d7-9605-b13d97269c64"><testcase classname="backend.tests.test_google_auth.TestGoogleSessionEndpoint" name="test_missing_body_returns_422" time="0.944" /><testcase classname="backend.tests.test_google_auth.TestGoogleSessionEndpoint" name="test_missing_session_id_returns_422" time="0.051" /><testcase classname="backend.tests.test_google_auth.TestGoogleSessionEndpoint" name="test_empty_session_id_returns_422_or_401" time="0.140" /><testcase classname="backend.tests.test_google_auth.TestGoogleSessionEndpoint" name="test_invalid_session_id_returns_401" time="0.119" /><testcase classname="backend.tests.test_google_auth.TestGoogleSessionEndpoint" name="test_wrong_field_name_returns_422" time="0.060" /><testcase classname="backend.tests.test_google_auth.TestJwtLoginRegression" name="test_admin_login_success" time="0.382" /><testcase classname="backend.tests.test_google_auth.TestJwtLoginRegression" name="test_get_me_with_jwt" time="0.424" /><testcase classname="backend.tests.test_google_auth.TestJwtLoginRegression" name="test_wrong_password_401" time="0.303" /></testsuite></testsuites>