<?xml version="1.0" encoding="utf-8"?><testsuites name="pytest tests"><testsuite name="pytest" errors="0" failures="0" skipped="0" tests="47" time="56.274" timestamp="2026-09-22T18:07:40.160781+00:00" hostname="agent-env-fb811bfc-c655-45d7-9605-b13d97269c64"><testcase classname="backend.tests.test_layer1_parser_readonly" name="test_ocr_runtime_dependencies_available" time="0.109" /><testcase classname="backend.tests.test_layer1_parser_readonly" name="test_ensure_ocr_runtime_idempotent" time="0.085" /><testcase classname="backend.tests.test_layer1_parser_readonly" name="test_docx_extracts_paragraphs_tables_textboxes_headers_footers" time="0.023" /><testcase classname="backend.tests.test_layer1_parser_readonly" name="test_docx_alternatecontent_choice_only_and_deleted_text_ignored" time="0.001" /><testcase classname="backend.tests.test_layer1_parser_readonly" name="test_pdf_empty_bytes_raises_once" time="0.000" /><testcase classname="backend.tests.test_layer1_parser_readonly" name="test_carlos_pdf_alternate_reader_path_recovers_text" time="0.076" /><testcase classname="backend.tests.test_layer1_parser_readonly" name="test_layer1_all_34_readonly_extraction_summary_matches_expected_counts" time="48.504" /><testcase classname="backend.tests.test_layer1_parser_readonly" name="test_reprocess_script_has_apply_guardrails_and_metadata_preservation" time="0.002" /><testcase classname="backend.tests.test_layer1_parser_readonly" name="test_protected_scoring_files_have_no_diff" time="0.003" /><testcase classname="backend.tests.test_layer1_parser_readonly" name="test_extraction_version_consistency" time="0.000" /><testcase classname="backend.tests.test_layer1_parser_readonly" name="test_malformed_pdf_and_docx_fail_with_helpful_errors" time="0.000" /><testcase classname="backend.tests.test_layer1_parser_readonly" name="test_server_startup_has_ensure_ocr_runtime_hook" time="0.000" /><testcase classname="backend.tests.test_layer2_capa2_isolated" name="test_timeline_overlap_floor_last_decade_split_and_ongoing" time="0.000" /><testcase classname="backend.tests.test_layer2_capa2_isolated" name="test_timeline_tie_unknown_and_invalid_dates_are_not_invented" time="0.000" /><testcase classname="backend.tests.test_layer2_capa2_isolated" name="test_second_pass_years_zero_only_with_explicit_no_experience_statement[asyncio]" time="0.039" /><testcase classname="backend.tests.test_layer2_capa2_isolated" name="test_wrapper_bypasses_second_pass_for_high_confidence_and_years_zero[asyncio]" time="0.004" /><testcase classname="backend.tests.test_layer2_capa2_isolated" name="test_wrapper_triggers_one_second_pass_when_required[asyncio-first0-10]" time="0.004" /><testcase classname="backend.tests.test_layer2_capa2_isolated" name="test_wrapper_triggers_one_second_pass_when_required[asyncio-first1-10]" time="0.003" /><testcase classname="backend.tests.test_layer2_capa2_isolated" name="test_wrapper_triggers_one_second_pass_when_required[asyncio-first2-None]" time="0.004" /><testcase classname="backend.tests.test_layer2_capa2_isolated" name="test_wrapper_fallback_on_second_pass_failure[asyncio]" time="0.003" /><testcase classname="backend.tests.test_layer2_capa2_isolated" name="test_second_pass_full_text_not_truncated_cache_reuse_and_company_filter[asyncio]" time="0.056" /><testcase classname="backend.tests.test_layer2_capa2_isolated" name="test_second_pass_concurrent_duplicate_requests_join_single_call[asyncio]" time="2.062" /><testcase classname="backend.tests.test_layer2_capa2_isolated" name="test_second_pass_failed_auto_retry_policy_max_two[asyncio]" time="0.039" /><testcase classname="backend.tests.test_layer2_capa2_isolated" name="test_second_pass_quote_year_validation_and_unknown_company_not_inferred[asyncio]" time="0.035" /><testcase classname="backend.tests.test_layer2_capa2_isolated" name="test_recheck_routes_enqueue_dedupe_status_and_owner_scope[asyncio]" time="0.067" /><testcase classname="backend.tests.test_layer2_capa2_isolated" name="test_recheck_service_uses_active_cv_version_and_manual_capture_preserves_existing[asyncio]" time="0.090" /><testcase classname="backend.tests.test_layer2_capa2_isolated" name="test_recheck_candidate_rejects_human_approved_and_detects_cv_version_change[asyncio]" time="0.064" /><testcase classname="backend.tests.test_layer2_capa2_isolated" name="test_upload_worker_unreadable_sets_manual_capture_without_llm_calls[asyncio]" time="0.063" /><testcase classname="backend.tests.test_classification_review_isolated" name="test_manual_patch_empty_body_returns_400" time="0.061" /><testcase classname="backend.tests.test_classification_review_isolated" name="test_manual_patch_missing_or_deleted_returns_404" time="0.089" /><testcase classname="backend.tests.test_classification_review_isolated" name="test_manual_patch_approved_returns_409" time="0.085" /><testcase classname="backend.tests.test_classification_review_isolated" name="test_manual_patch_saves_only_present_fields_and_preserves_metadata" time="0.082" /><testcase classname="backend.tests.test_classification_review_isolated" name="test_manual_patch_supports_null_and_zero_years" time="0.080" /><testcase classname="backend.tests.test_classification_review_isolated" name="test_manual_patch_years_validation_strict" time="0.079" /><testcase classname="backend.tests.test_classification_review_isolated" name="test_manual_patch_invalid_catalog_returns_422" time="0.077" /><testcase classname="backend.tests.test_classification_review_isolated" name="test_manual_patch_ai_null_supported_and_not_approved" time="0.079" /><testcase classname="backend.tests.test_classification_review_isolated" name="test_manual_patch_concurrent_edits_preserve_both_fields" time="0.077" /><testcase classname="backend.tests.test_classification_review_isolated" name="test_approve_single_valid_and_preserves_years" time="0.101" /><testcase classname="backend.tests.test_classification_review_isolated" name="test_approve_single_rejects_incomplete_or_noncanonical" time="0.077" /><testcase classname="backend.tests.test_classification_review_isolated" name="test_bulk_approve_partial_errors_keep_failed_pending" time="0.084" /><testcase classname="backend.tests.test_classification_review_isolated" name="test_bulk_approve_empty_payload_returns_400" time="0.051" /><testcase classname="backend.tests.test_classification_review_isolated_v2" name="test_manual_patch_saves_fields_preserves_metadata_and_stays_pending[asyncio]" time="0.082" /><testcase classname="backend.tests.test_classification_review_isolated_v2" name="test_manual_patch_handles_ai_null_and_concurrent_merge[asyncio]" time="0.083" /><testcase classname="backend.tests.test_classification_review_isolated_v2" name="test_manual_patch_validation_and_rejections[asyncio]" time="0.082" /><testcase classname="backend.tests.test_classification_review_isolated_v2" name="test_approval_flows_bulk_mixed_and_pending_predicate_consistent[asyncio]" time="0.113" /><testcase classname="backend.tests.test_classification_review_isolated_v2" name="test_latest_batch_scoped_to_user_and_serializable[asyncio]" time="0.076" /><testcase classname="backend.tests.test_background_processor_isolated" name="test_processing_persists_across_instances_and_reports_failures[asyncio]" time="0.108" /></testsuite></testsuites>