<?xml version="1.0" encoding="utf-8"?><testsuites name="pytest tests"><testsuite name="pytest" errors="0" failures="0" skipped="0" tests="9" time="10.684" timestamp="2026-07-05T03:24:31.880744+00:00" hostname="agent-env-fb811bfc-c655-45d7-9605-b13d97269c64"><testcase classname="backend.tests.test_operational_dashboard_and_assignments.TestAuth" name="test_login_ok" time="0.536" /><testcase classname="backend.tests.test_operational_dashboard_and_assignments.TestOperationalDashboard" name="test_dashboard_structure" time="0.650" /><testcase classname="backend.tests.test_operational_dashboard_and_assignments.TestAssignments" name="test_assign_candidate_to_job" time="2.710" /><testcase classname="backend.tests.test_operational_dashboard_and_assignments.TestAssignments" name="test_duplicate_assignment_conflict" time="0.191" /><testcase classname="backend.tests.test_operational_dashboard_and_assignments.TestAssignments" name="test_same_candidate_two_jobs_independent_stages" time="1.118" /><testcase classname="backend.tests.test_operational_dashboard_and_assignments.TestAssignments" name="test_invalid_stage_rejected" time="0.131" /><testcase classname="backend.tests.test_operational_dashboard_and_assignments.TestPlacement" name="test_place_creates_restriction_and_kpi_moves" time="1.788" /><testcase classname="backend.tests.test_operational_dashboard_and_assignments.TestNotes" name="test_add_and_get_note" time="0.402" /><testcase classname="backend.tests.test_operational_dashboard_and_assignments.TestActivityLogEntityName" name="test_candidate_created_log_has_entity_name" time="3.065" /></testsuite></testsuites>