<?xml version="1.0" encoding="utf-8"?><testsuites name="pytest tests"><testsuite name="pytest" errors="0" failures="1" skipped="0" tests="9" time="11.656" timestamp="2026-07-05T03:17:20.847703+00:00" hostname="agent-env-fb811bfc-c655-45d7-9605-b13d97269c64"><testcase classname="backend.tests.test_operational_dashboard_and_assignments.TestAuth" name="test_login_ok" time="0.988" /><testcase classname="backend.tests.test_operational_dashboard_and_assignments.TestOperationalDashboard" name="test_dashboard_structure" time="0.643" /><testcase classname="backend.tests.test_operational_dashboard_and_assignments.TestAssignments" name="test_assign_candidate_to_job" time="3.195" /><testcase classname="backend.tests.test_operational_dashboard_and_assignments.TestAssignments" name="test_duplicate_assignment_conflict" time="0.219" /><testcase classname="backend.tests.test_operational_dashboard_and_assignments.TestAssignments" name="test_same_candidate_two_jobs_independent_stages" time="1.062" /><testcase classname="backend.tests.test_operational_dashboard_and_assignments.TestAssignments" name="test_invalid_stage_rejected" time="0.128" /><testcase classname="backend.tests.test_operational_dashboard_and_assignments.TestPlacement" name="test_place_creates_restriction_and_kpi_moves" time="1.798" /><testcase classname="backend.tests.test_operational_dashboard_and_assignments.TestNotes" name="test_add_and_get_note" time="0.404" /><testcase classname="backend.tests.test_operational_dashboard_and_assignments.TestActivityLogEntityName" name="test_candidate_created_log_has_entity_name" time="3.130"><failure message="AssertionError: candidate_created activity log MISSING entity_name → frontend renders 'creó al candidato entidad'. Fix: create_candidate() at server.py:482 must call log_activity() with entity_name=full_name.&#10;assert None&#10; +  where None = &lt;built-in method get of dict object at 0xfc8844ce9c00&gt;('entity_name')&#10; +    where &lt;built-in method get of dict object at 0xfc8844ce9c00&gt; = {'action': 'candidate_created', 'entity_id': 'a765b0c2-2601-4b54-af9e-c6c37b508ca2', 'entity_type': 'candidate', 'id': '98e3ffb2-3284-41c7-9f87-5f0006ba2bc9', ...}.get">backend/tests/test_operational_dashboard_and_assignments.py:345: in test_candidate_created_log_has_entity_name
    assert entry.get("entity_name"), (
E   AssertionError: candidate_created activity log MISSING entity_name → frontend renders 'creó al candidato entidad'. Fix: create_candidate() at server.py:482 must call log_activity() with entity_name=full_name.
E   assert None
E    +  where None = &lt;built-in method get of dict object at 0xfc8844ce9c00&gt;('entity_name')
E    +    where &lt;built-in method get of dict object at 0xfc8844ce9c00&gt; = {'action': 'candidate_created', 'entity_id': 'a765b0c2-2601-4b54-af9e-c6c37b508ca2', 'entity_type': 'candidate', 'id': '98e3ffb2-3284-41c7-9f87-5f0006ba2bc9', ...}.get</failure></testcase></testsuite></testsuites>