<?xml version="1.0" encoding="utf-8"?><testsuites name="pytest tests"><testsuite name="pytest" errors="0" failures="0" skipped="0" tests="9" time="4.018" timestamp="2026-09-24T17:12:27.698280+00:00" hostname="agent-env-fb811bfc-c655-45d7-9605-b13d97269c64"><testcase classname="backend.tests.test_candidate_detail_option_a_isolated" name="test_classify_stores_ai_classification_and_updates_candidate[asyncio]" time="0.064" /><testcase classname="backend.tests.test_candidate_detail_option_a_isolated" name="test_manual_patch_each_field_persists_and_keeps_zero_vs_null[asyncio]" time="0.050" /><testcase classname="backend.tests.test_candidate_detail_option_a_isolated" name="test_manual_permissions_admin_assigned_recruiter_allowed_others_blocked[asyncio]" time="0.063" /><testcase classname="backend.tests.test_candidate_detail_option_a_isolated" name="test_manual_patch_returns_409_when_already_approved[asyncio]" time="0.053" /><testcase classname="backend.tests.test_classification_review_isolated_v2" name="test_manual_patch_saves_fields_preserves_metadata_and_stays_pending[asyncio]" time="0.047" /><testcase classname="backend.tests.test_classification_review_isolated_v2" name="test_manual_patch_handles_ai_null_and_concurrent_merge[asyncio]" time="0.050" /><testcase classname="backend.tests.test_classification_review_isolated_v2" name="test_manual_patch_validation_and_rejections[asyncio]" time="0.048" /><testcase classname="backend.tests.test_security_roles_notes_quota_cors_isolated" name="test_non_admin_roles_blocked_from_admin_mutations[asyncio]" time="0.045" /><testcase classname="backend.tests.test_security_roles_notes_quota_cors_isolated" name="test_manual_patch_permissions_and_pending_can_edit[asyncio]" time="0.033" /></testsuite></testsuites>