<?xml version="1.0" encoding="utf-8"?><testsuites name="pytest tests"><testsuite name="pytest" errors="0" failures="0" skipped="0" tests="12" time="8.692" timestamp="2026-03-24T04:24:54.745262+00:00" hostname="agent-env-fb811bfc-c655-45d7-9605-b13d97269c64"><testcase classname="backend.tests.test_search_unification.TestSearchUnification" name="test_director_operaciones_get_candidates" time="4.559" /><testcase classname="backend.tests.test_search_unification.TestSearchUnification" name="test_director_operaciones_hybrid_search" time="0.354" /><testcase classname="backend.tests.test_search_unification.TestSearchUnification" name="test_director_operaciones_results_match" time="0.871" /><testcase classname="backend.tests.test_search_unification.TestSearchUnification" name="test_supply_chain_retail_get_candidates" time="0.263" /><testcase classname="backend.tests.test_search_unification.TestSearchUnification" name="test_supply_chain_retail_hybrid_search" time="0.233" /><testcase classname="backend.tests.test_search_unification.TestSearchUnification" name="test_supply_chain_retail_results_match" time="0.544" /><testcase classname="backend.tests.test_search_unification.TestSearchUnification" name="test_cfo_manufactura_get_candidates" time="0.312" /><testcase classname="backend.tests.test_search_unification.TestSearchUnification" name="test_cfo_manufactura_hybrid_search" time="0.244" /><testcase classname="backend.tests.test_search_unification.TestSearchMetadata" name="test_hybrid_search_returns_metadata" time="0.461" /><testcase classname="backend.tests.test_search_unification.TestSearchMetadata" name="test_match_breakdown_present" time="0.428" /><testcase classname="backend.tests.test_search_unification.TestCandidatesEndpointWithoutSearch" name="test_get_all_candidates_no_search" time="0.153" /><testcase classname="backend.tests.test_search_unification.TestCandidatesEndpointWithoutSearch" name="test_get_candidates_with_filters_only" time="0.110" /></testsuite></testsuites>