<?xml version="1.0" encoding="utf-8"?><testsuites name="pytest tests"><testsuite name="pytest" errors="0" failures="0" skipped="0" tests="16" time="7.438" timestamp="2026-03-24T18:16:20.258159+00:00" hostname="agent-env-fb811bfc-c655-45d7-9605-b13d97269c64"><testcase classname="backend.tests.test_scoring_v21.TestHRManagerSearch" name="test_hr_manager_returns_results" time="0.815" /><testcase classname="backend.tests.test_scoring_v21.TestHRManagerSearch" name="test_hr_executive_ranks_first" time="0.493" /><testcase classname="backend.tests.test_scoring_v21.TestHRManagerSearch" name="test_hr_manager_score_above_threshold" time="0.521" /><testcase classname="backend.tests.test_scoring_v21.TestHRManagerSearch" name="test_ceo_excluded_from_hr_search" time="0.455" /><testcase classname="backend.tests.test_scoring_v21.TestMarketingManagerSearch" name="test_marketing_candidates_rank_first" time="0.358" /><testcase classname="backend.tests.test_scoring_v21.TestMarketingManagerSearch" name="test_sales_candidates_rank_lower" time="0.417" /><testcase classname="backend.tests.test_scoring_v21.TestOperationsManagerSearch" name="test_operations_candidates_rank_first" time="0.369" /><testcase classname="backend.tests.test_scoring_v21.TestFinanceManagerSearch" name="test_finance_candidates_rank_first" time="0.388" /><testcase classname="backend.tests.test_scoring_v21.TestMatchBreakdown" name="test_match_breakdown_has_all_components" time="0.378" /><testcase classname="backend.tests.test_scoring_v21.TestMatchBreakdown" name="test_match_breakdown_has_boosts_penalties" time="0.347" /><testcase classname="backend.tests.test_scoring_v21.TestMatchBreakdown" name="test_stability_warning_in_breakdown" time="0.319" /><testcase classname="backend.tests.test_scoring_v21.TestExperienceLevel" name="test_principal_experience_level" time="0.411" /><testcase classname="backend.tests.test_scoring_v21.TestGMPenalty" name="test_gm_penalty_applied" time="0.517" /><testcase classname="backend.tests.test_scoring_v21.TestSeniorityDistance" name="test_seniority_distance_penalty" time="0.420" /><testcase classname="backend.tests.test_scoring_v21.TestSupplyChainSearch" name="test_supply_chain_candidates_rank_first" time="0.374" /><testcase classname="backend.tests.test_scoring_v21.TestQueryParsing" name="test_hr_manager_parses_to_human_resources" time="0.790" /></testsuite></testsuites>