<?xml version="1.0" encoding="utf-8"?><testsuites name="pytest tests"><testsuite name="pytest" errors="0" failures="0" skipped="0" tests="12" time="7.770" timestamp="2026-03-27T21:19:38.716870+00:00" hostname="agent-env-fb811bfc-c655-45d7-9605-b13d97269c64"><testcase classname="backend.tests.test_status_pipeline.TestStatusConfig" name="test_get_status_config" time="0.525" /><testcase classname="backend.tests.test_status_pipeline.TestStatusPipeline" name="test_get_candidate_current_status" time="0.501" /><testcase classname="backend.tests.test_status_pipeline.TestStatusPipeline" name="test_get_status_history" time="0.492" /><testcase classname="backend.tests.test_status_pipeline.TestStatusPipeline" name="test_invalid_status_transition" time="0.608" /><testcase classname="backend.tests.test_status_pipeline.TestStatusPipeline" name="test_valid_status_transition_to_on_hold" time="0.834" /><testcase classname="backend.tests.test_status_pipeline.TestStatusPipeline" name="test_status_change_with_notes" time="0.964" /><testcase classname="backend.tests.test_status_pipeline.TestSmartFolders" name="test_get_all_folders" time="0.481" /><testcase classname="backend.tests.test_status_pipeline.TestSmartFolders" name="test_process_folders_exist" time="0.463" /><testcase classname="backend.tests.test_status_pipeline.TestSmartFolders" name="test_process_folder_counts" time="0.515" /><testcase classname="backend.tests.test_status_pipeline.TestSmartFolders" name="test_get_folder_candidates" time="0.596" /><testcase classname="backend.tests.test_status_pipeline.TestSmartFolders" name="test_folder_by_id" time="0.602" /><testcase classname="backend.tests.test_status_pipeline.TestStatusFolderIntegration" name="test_status_change_updates_folder_counts" time="1.105" /></testsuite></testsuites>