<?xml version="1.0" encoding="utf-8"?><testsuites name="pytest tests"><testsuite name="pytest" errors="0" failures="0" skipped="0" tests="11" time="2.919" timestamp="2026-06-30T02:12:23.161580+00:00" hostname="agent-env-fb811bfc-c655-45d7-9605-b13d97269c64"><testcase classname="backend.tests.test_classifications_review.TestPendingClassifications" name="test_pending_returns_200_and_schema" time="1.000" /><testcase classname="backend.tests.test_classifications_review.TestPendingClassifications" name="test_pending_filters_low_confidence" time="0.117" /><testcase classname="backend.tests.test_classifications_review.TestPendingClassifications" name="test_pending_pagination" time="0.107" /><testcase classname="backend.tests.test_classifications_review.TestPendingClassifications" name="test_pending_requires_auth" time="0.110" /><testcase classname="backend.tests.test_classifications_review.TestPendingCount" name="test_count_returns_200" time="0.146" /><testcase classname="backend.tests.test_classifications_review.TestPendingCount" name="test_count_matches_pending_total" time="0.242" /><testcase classname="backend.tests.test_classifications_review.TestBulkApprove" name="test_bulk_approve_empty_list_returns_400" time="0.157" /><testcase classname="backend.tests.test_classifications_review.TestBulkApprove" name="test_bulk_approve_invalid_id" time="0.103" /><testcase classname="backend.tests.test_classifications_review.TestBulkApprove" name="test_bulk_approve_real_candidate_persists" time="0.353" /><testcase classname="backend.tests.test_classifications_review.TestCorrectClassification" name="test_correct_invalid_id_returns_404" time="0.121" /><testcase classname="backend.tests.test_classifications_review.TestCorrectClassification" name="test_correct_real_candidate_persists" time="0.367" /></testsuite></testsuites>