<?xml version="1.0" encoding="utf-8"?><testsuites name="pytest tests"><testsuite name="pytest" errors="0" failures="0" skipped="0" tests="17" time="18.700" timestamp="2026-03-26T00:39:08.657523+00:00" hostname="agent-env-fb811bfc-c655-45d7-9605-b13d97269c64"><testcase classname="tests.test_users_assignments.TestUserManagement" name="test_admin_can_list_users" time="3.562" /><testcase classname="tests.test_users_assignments.TestUserManagement" name="test_recruiter_cannot_list_users" time="0.797" /><testcase classname="tests.test_users_assignments.TestUserManagement" name="test_admin_can_create_user" time="1.102" /><testcase classname="tests.test_users_assignments.TestUserManagement" name="test_recruiter_cannot_create_user" time="0.815" /><testcase classname="tests.test_users_assignments.TestUserManagement" name="test_get_current_user_with_permissions" time="0.954" /><testcase classname="tests.test_users_assignments.TestUserManagement" name="test_admin_can_get_recruiters_list" time="0.792" /><testcase classname="tests.test_users_assignments.TestUserManagement" name="test_recruiter_cannot_get_recruiters_list" time="0.820" /><testcase classname="tests.test_users_assignments.TestCandidateAssignments" name="test_admin_can_assign_candidate" time="0.943" /><testcase classname="tests.test_users_assignments.TestCandidateAssignments" name="test_recruiter_cannot_assign_candidate" time="0.969" /><testcase classname="tests.test_users_assignments.TestCandidateAssignments" name="test_admin_can_edit_any_candidate" time="0.975" /><testcase classname="tests.test_users_assignments.TestCandidateAssignments" name="test_recruiter_cannot_edit_unassigned_candidate" time="1.202" /><testcase classname="tests.test_users_assignments.TestCandidateAssignments" name="test_get_candidate_assignments" time="0.953" /><testcase classname="tests.test_users_assignments.TestCandidateAssignments" name="test_recruiter_get_my_assignments" time="0.790" /><testcase classname="tests.test_users_assignments.TestCandidateAssignments" name="test_admin_can_unassign_candidate" time="1.077" /><testcase classname="tests.test_users_assignments.TestCandidateAssignments" name="test_recruiter_cannot_unassign_candidate" time="0.887" /><testcase classname="tests.test_users_assignments.TestSpecificCandidate" name="test_specific_candidate_exists" time="1.045" /><testcase classname="tests.test_users_assignments.TestSpecificCandidate" name="test_specific_candidate_assignments" time="0.849" /></testsuite></testsuites>