<?xml version="1.0" encoding="utf-8"?><testsuites name="pytest tests"><testsuite name="pytest" errors="0" failures="1" skipped="0" tests="16" time="2.470" timestamp="2026-06-30T00:20:59.189785+00:00" hostname="agent-env-fb811bfc-c655-45d7-9605-b13d97269c64"><testcase classname="tests.test_dynamic_weights.TestDynamicWeights" name="test_pure_skill_only_keywords" time="0.001" /><testcase classname="tests.test_dynamic_weights.TestDynamicWeights" name="test_pure_skill_with_embedding" time="0.000" /><testcase classname="tests.test_dynamic_weights.TestDynamicWeights" name="test_area_only_finanzas" time="0.000" /><testcase classname="tests.test_dynamic_weights.TestDynamicWeights" name="test_full_query_keeps_base_weights" time="0.000" /><testcase classname="tests.test_dynamic_weights.TestDynamicWeights" name="test_weights_normalize" time="0.000" /><testcase classname="tests.test_dynamic_weights.TestShortSkillKeywordScore" name="test_whitelist_contains_expected_skills" time="0.000" /><testcase classname="tests.test_dynamic_weights.TestShortSkillKeywordScore" name="test_parse_query_extracts_short_whitelist_skills" time="0.000"><failure message="AssertionError: 'BI' should appear in extracted keywords for whitelist to function. Got: []&#10;assert 'bi' in []&#10; +  where 'bi' = &lt;built-in method lower of str object at 0xfc1853b410b0&gt;()&#10; +    where &lt;built-in method lower of str object at 0xfc1853b410b0&gt; = 'BI'.lower">tests/test_dynamic_weights.py:153: in test_parse_query_extracts_short_whitelist_skills
    assert short.lower() in parsed["keywords"], (
E   AssertionError: 'BI' should appear in extracted keywords for whitelist to function. Got: []
E   assert 'bi' in []
E    +  where 'bi' = &lt;built-in method lower of str object at 0xfc1853b410b0&gt;()
E    +    where &lt;built-in method lower of str object at 0xfc1853b410b0&gt; = 'BI'.lower</failure></testcase><testcase classname="tests.test_dynamic_weights.TestShortSkillKeywordScore" name="test_keyword_score_accepts_whitelisted_2char_skill" time="0.000" /><testcase classname="tests.test_dynamic_weights.TestShortSkillKeywordScore" name="test_keyword_score_rejects_non_whitelisted_2char" time="0.000" /><testcase classname="tests.test_dynamic_weights.TestSearchEndpoint" name="test_login_ok" time="0.530" /><testcase classname="tests.test_dynamic_weights.TestSearchEndpoint" name="test_search_pure_skill_returns_200" time="0.558" /><testcase classname="tests.test_dynamic_weights.TestSearchEndpoint" name="test_search_short_skill_sap_returns_200" time="0.204" /><testcase classname="tests.test_dynamic_weights.TestSearchEndpoint" name="test_search_short_2char_bi" time="0.235" /><testcase classname="tests.test_dynamic_weights.TestSearchEndpoint" name="test_search_funcional_finanzas" time="0.247" /><testcase classname="tests.test_dynamic_weights.TestSearchEndpoint" name="test_search_full_query" time="0.244" /><testcase classname="tests.test_dynamic_weights.TestSearchEndpoint" name="test_search_ordering_python_relevance" time="0.184" /></testsuite></testsuites>