<?xml version="1.0" encoding="utf-8"?><testsuites name="pytest tests"><testsuite name="pytest" errors="0" failures="0" skipped="0" tests="21" time="5.877" timestamp="2026-03-27T23:03:15.829429+00:00" hostname="agent-env-fb811bfc-c655-45d7-9605-b13d97269c64"><testcase classname="backend.tests.test_operational_fixes.TestAuthentication" name="test_login_success" time="0.398" /><testcase classname="backend.tests.test_operational_fixes.TestSmartFolderHR" name="test_get_all_folders" time="0.462" /><testcase classname="backend.tests.test_operational_fixes.TestSmartFolderHR" name="test_hr_folder_exists" time="0.111" /><testcase classname="backend.tests.test_operational_fixes.TestSmartFolderHR" name="test_hr_folder_criteria_includes_talent_acquisition" time="0.099" /><testcase classname="backend.tests.test_operational_fixes.TestSmartFolderHR" name="test_hr_folder_candidate_count" time="0.115" /><testcase classname="backend.tests.test_operational_fixes.TestSoftDelete" name="test_get_candidate_before_delete" time="0.116" /><testcase classname="backend.tests.test_operational_fixes.TestSoftDelete" name="test_delete_candidate_soft_delete" time="0.441" /><testcase classname="backend.tests.test_operational_fixes.TestSoftDelete" name="test_deleted_candidate_not_in_list" time="0.487" /><testcase classname="backend.tests.test_operational_fixes.TestRestoreCandidate" name="test_restore_deleted_candidate" time="0.506" /><testcase classname="backend.tests.test_operational_fixes.TestRestoreCandidate" name="test_restore_non_deleted_candidate_fails" time="0.214" /><testcase classname="backend.tests.test_operational_fixes.TestDuplicateDetection" name="test_get_duplicates_endpoint" time="0.108" /><testcase classname="backend.tests.test_operational_fixes.TestDuplicateDetection" name="test_duplicate_confidence_levels" time="0.108" /><testcase classname="backend.tests.test_operational_fixes.TestDuplicateDetection" name="test_duplicate_has_required_fields" time="0.152" /><testcase classname="backend.tests.test_operational_fixes.TestRestrictCandidate" name="test_mark_candidate_restricted" time="0.347" /><testcase classname="backend.tests.test_operational_fixes.TestRestrictCandidate" name="test_restriction_traceability" time="0.364" /><testcase classname="backend.tests.test_operational_fixes.TestRestrictCandidate" name="test_invalid_restriction_category" time="0.127" /><testcase classname="backend.tests.test_operational_fixes.TestRestrictCandidate" name="test_unrestrict_candidate" time="0.460" /><testcase classname="backend.tests.test_operational_fixes.TestRestrictCandidate" name="test_unrestrict_non_restricted_fails" time="0.105" /><testcase classname="backend.tests.test_operational_fixes.TestRestrictedCandidateVerification" name="test_restricted_candidate_exists" time="0.119" /><testcase classname="backend.tests.test_operational_fixes.TestRestrictedCandidateVerification" name="test_restricted_candidate_has_restriction_info" time="0.119" /><testcase classname="backend.tests.test_operational_fixes.TestCleanup" name="test_cleanup_test_candidates" time="0.829" /></testsuite></testsuites>