<?xml version="1.0" encoding="utf-8"?><testsuites name="pytest tests"><testsuite name="pytest" errors="0" failures="0" skipped="0" tests="15" time="3.666" timestamp="2026-03-24T02:56:23.938813+00:00" hostname="agent-env-fb811bfc-c655-45d7-9605-b13d97269c64"><testcase classname="backend.tests.test_taxonomy_and_search.TestSetup" name="test_api_health" time="0.196" /><testcase classname="backend.tests.test_taxonomy_and_search.TestTaxonomyLookup" name="test_taxonomy_lookup_returns_correct_structure" time="0.503" /><testcase classname="backend.tests.test_taxonomy_and_search.TestTaxonomyLookup" name="test_taxonomy_lookup_has_bilingual_names" time="0.127" /><testcase classname="backend.tests.test_taxonomy_and_search.TestTaxonomyLookup" name="test_taxonomy_lookup_manufacturing_key" time="0.120" /><testcase classname="backend.tests.test_taxonomy_and_search.TestTaxonomyIndustries" name="test_industries_returns_list" time="0.443" /><testcase classname="backend.tests.test_taxonomy_and_search.TestTaxonomyIndustries" name="test_industries_have_required_fields" time="0.149" /><testcase classname="backend.tests.test_taxonomy_and_search.TestTaxonomyFunctionalAreas" name="test_functional_areas_returns_list" time="0.430" /><testcase classname="backend.tests.test_taxonomy_and_search.TestTaxonomyFunctionalAreas" name="test_functional_areas_have_required_fields" time="0.108" /><testcase classname="backend.tests.test_taxonomy_and_search.TestCandidateSearchByIndustryKey" name="test_search_by_industry_key_manufacturing" time="0.423" /><testcase classname="backend.tests.test_taxonomy_and_search.TestCandidateSearchByIndustryKey" name="test_search_by_industry_key_technology" time="0.101" /><testcase classname="backend.tests.test_taxonomy_and_search.TestUTF8Search" name="test_search_without_accents_finds_accented_name" time="0.545" /><testcase classname="backend.tests.test_taxonomy_and_search.TestUTF8Search" name="test_search_with_accents_also_works" time="0.126" /><testcase classname="backend.tests.test_taxonomy_and_search.TestUTF8Search" name="test_search_partial_name_without_accents" time="0.098" /><testcase classname="backend.tests.test_taxonomy_and_search.TestUTF8Search" name="test_search_maria_without_accent" time="0.124" /><testcase classname="backend.tests.test_taxonomy_and_search.TestSeedData" name="test_seed_initial_data" time="0.106" /></testsuite></testsuites>