<?xml version="1.0" encoding="utf-8"?><testsuites name="pytest tests"><testsuite name="pytest" errors="0" failures="0" skipped="0" tests="20" time="31.283" timestamp="2026-06-30T00:59:24.123805+00:00" hostname="agent-env-fb811bfc-c655-45d7-9605-b13d97269c64"><testcase classname="tests.test_cv_upload_resilience.TestSafeHelpers" name="test_safe_int_handles_none" time="3.213" /><testcase classname="tests.test_cv_upload_resilience.TestSafeHelpers" name="test_safe_int_passthrough_int" time="0.000" /><testcase classname="tests.test_cv_upload_resilience.TestSafeHelpers" name="test_safe_int_float_to_int" time="0.000" /><testcase classname="tests.test_cv_upload_resilience.TestSafeHelpers" name="test_safe_int_from_messy_string" time="0.000" /><testcase classname="tests.test_cv_upload_resilience.TestSafeHelpers" name="test_safe_int_unparseable_returns_default" time="0.000" /><testcase classname="tests.test_cv_upload_resilience.TestSafeHelpers" name="test_safe_string_handles_none_and_empty" time="0.000" /><testcase classname="tests.test_cv_upload_resilience.TestSafeHelpers" name="test_safe_string_non_string_cast" time="0.000" /><testcase classname="tests.test_cv_upload_resilience.TestSafeHelpers" name="test_safe_list_handles_invalid" time="0.000" /><testcase classname="tests.test_cv_upload_resilience.TestSafeHelpers" name="test_clean_previous_company_irrecoverable_returns_none" time="0.000" /><testcase classname="tests.test_cv_upload_resilience.TestSafeHelpers" name="test_clean_previous_company_alternate_keys" time="0.000" /><testcase classname="tests.test_cv_upload_resilience.TestSafeHelpers" name="test_clean_previous_company_fills_defaults" time="0.000" /><testcase classname="tests.test_cv_upload_resilience.TestSafeHelpers" name="test_clean_previous_companies_skips_invalid" time="0.000" /><testcase classname="tests.test_cv_upload_resilience.TestSafeHelpers" name="test_clean_previous_companies_handles_non_list" time="0.000" /><testcase classname="tests.test_cv_upload_resilience.TestCandidateModelNoEducation" name="test_candidate_model_has_no_education_field" time="0.000" /><testcase classname="tests.test_cv_upload_resilience.TestCandidateModelNoEducation" name="test_candidate_instance_has_no_education_attr" time="0.000" /><testcase classname="tests.test_cv_upload_resilience.TestCandidateModelNoEducation" name="test_create_candidate_with_messy_data_does_not_raise" time="0.000" /><testcase classname="tests.test_cv_upload_resilience.TestDocumentParser" name="test_extract_text_from_pdf_bytes" time="0.035" /><testcase classname="tests.test_cv_upload_resilience.TestUploadResumeNoEducationError" name="test_login_works" time="0.476" /><testcase classname="tests.test_cv_upload_resilience.TestUploadResumeNoEducationError" name="test_upload_pdf_does_not_crash_with_education_error" time="27.346" /><testcase classname="tests.test_cv_upload_resilience.TestUploadResumeNoEducationError" name="test_upload_unsupported_format_returns_failed_not_500" time="0.130" /></testsuite></testsuites>