<?xml version="1.0" encoding="utf-8"?><testsuites name="pytest tests"><testsuite name="pytest" errors="0" failures="0" skipped="0" tests="19" time="25.354" timestamp="2026-09-22T15:30:59.275500+00:00" hostname="agent-env-fb811bfc-c655-45d7-9605-b13d97269c64"><testcase classname="backend.tests.test_classification_review_isolated" name="test_manual_patch_empty_body_returns_400" time="0.067" /><testcase classname="backend.tests.test_classification_review_isolated" name="test_manual_patch_missing_or_deleted_returns_404" time="0.086" /><testcase classname="backend.tests.test_classification_review_isolated" name="test_manual_patch_approved_returns_409" time="0.087" /><testcase classname="backend.tests.test_classification_review_isolated" name="test_manual_patch_saves_only_present_fields_and_preserves_metadata" time="0.083" /><testcase classname="backend.tests.test_classification_review_isolated" name="test_manual_patch_supports_null_and_zero_years" time="0.083" /><testcase classname="backend.tests.test_classification_review_isolated" name="test_manual_patch_years_validation_strict" time="0.077" /><testcase classname="backend.tests.test_classification_review_isolated" name="test_manual_patch_invalid_catalog_returns_422" time="0.079" /><testcase classname="backend.tests.test_classification_review_isolated" name="test_manual_patch_ai_null_supported_and_not_approved" time="0.085" /><testcase classname="backend.tests.test_classification_review_isolated" name="test_manual_patch_concurrent_edits_preserve_both_fields" time="0.080" /><testcase classname="backend.tests.test_classification_review_isolated" name="test_approve_single_valid_and_preserves_years" time="0.108" /><testcase classname="backend.tests.test_classification_review_isolated" name="test_approve_single_rejects_incomplete_or_noncanonical" time="0.081" /><testcase classname="backend.tests.test_classification_review_isolated" name="test_bulk_approve_partial_errors_keep_failed_pending" time="0.088" /><testcase classname="backend.tests.test_classification_review_isolated" name="test_bulk_approve_empty_payload_returns_400" time="0.054" /><testcase classname="backend.tests.test_classification_review_isolated_v2" name="test_manual_patch_saves_fields_preserves_metadata_and_stays_pending[asyncio]" time="0.088" /><testcase classname="backend.tests.test_classification_review_isolated_v2" name="test_manual_patch_handles_ai_null_and_concurrent_merge[asyncio]" time="0.086" /><testcase classname="backend.tests.test_classification_review_isolated_v2" name="test_manual_patch_validation_and_rejections[asyncio]" time="0.090" /><testcase classname="backend.tests.test_classification_review_isolated_v2" name="test_approval_flows_bulk_mixed_and_pending_predicate_consistent[asyncio]" time="0.124" /><testcase classname="backend.tests.test_classification_review_isolated_v2" name="test_latest_batch_scoped_to_user_and_serializable[asyncio]" time="0.082" /><testcase classname="backend.tests.test_background_processor_isolated" name="test_processing_persists_across_instances_and_reports_failures[asyncio]" time="0.113" /></testsuite></testsuites>