<?xml version="1.0" encoding="utf-8"?><testsuites name="pytest tests"><testsuite name="pytest" errors="0" failures="0" skipped="0" tests="4" time="8.593" timestamp="2026-07-06T04:57:16.839071+00:00" hostname="agent-env-fb811bfc-c655-45d7-9605-b13d97269c64"><testcase classname="backend.tests.test_job_matches_role_view" name="test_admin_matches_response_shape" time="6.458" /><testcase classname="backend.tests.test_job_matches_role_view" name="test_recruiter_matches_response_shape" time="0.937" /><testcase classname="backend.tests.test_job_matches_role_view" name="test_admin_and_recruiter_same_structure" time="1.010" /><testcase classname="backend.tests.test_job_matches_role_view" name="test_matching_engine_version_env" time="0.000" /></testsuite></testsuites>