<?xml version="1.0" encoding="utf-8"?><testsuites name="pytest tests"><testsuite name="pytest" errors="0" failures="0" skipped="0" tests="21" time="4.545" timestamp="2026-09-24T16:55:24.233968+00:00" hostname="agent-env-fb811bfc-c655-45d7-9605-b13d97269c64"><testcase classname="backend.tests.test_security_roles_notes_quota_cors_isolated" name="test_non_admin_roles_blocked_from_admin_mutations[asyncio]" time="0.050" /><testcase classname="backend.tests.test_security_roles_notes_quota_cors_isolated" name="test_admin_and_super_admin_not_blocked_by_role_layer[asyncio]" time="0.095" /><testcase classname="backend.tests.test_security_roles_notes_quota_cors_isolated" name="test_manual_patch_permissions_and_pending_can_edit[asyncio]" time="0.036" /><testcase classname="backend.tests.test_security_roles_notes_quota_cors_isolated" name="test_stage_move_allowed_for_any_recruiter_but_not_researcher[asyncio]" time="0.041" /><testcase classname="backend.tests.test_security_roles_notes_quota_cors_isolated" name="test_notes_create_author_is_server_actor_and_validation[asyncio]" time="0.028" /><testcase classname="backend.tests.test_security_roles_notes_quota_cors_isolated" name="test_notes_edit_delete_only_owner_or_admin_and_not_by_same_name[asyncio]" time="0.036" /><testcase classname="backend.tests.test_security_roles_notes_quota_cors_isolated" name="test_legacy_note_reference_deterministic_read_only_admin_only_edit[asyncio]" time="0.033" /><testcase classname="backend.tests.test_security_roles_notes_quota_cors_isolated" name="test_reserve_batch_limits_and_retry_after[asyncio]" time="0.020" /><testcase classname="backend.tests.test_security_roles_notes_quota_cors_isolated" name="test_batch_size_limit_and_duplicate_batch_id_not_duplicated[asyncio]" time="0.017" /><testcase classname="backend.tests.test_security_roles_notes_quota_cors_isolated" name="test_cv_slots_fifo_and_two_parallel_limit_per_user[asyncio]" time="0.018" /><testcase classname="backend.tests.test_security_roles_notes_quota_cors_isolated" name="test_background_processor_50_files_respects_per_user_cv_cap[asyncio]" time="0.395" /><testcase classname="backend.tests.test_security_roles_notes_quota_cors_isolated" name="test_expired_records_do_not_block_new_reservations[asyncio]" time="0.018" /><testcase classname="backend.tests.test_security_roles_notes_quota_cors_isolated" name="test_note_concurrent_add_returns_409_without_losing_other_note[asyncio]" time="0.019" /><testcase classname="backend.tests.test_security_roles_notes_quota_cors_isolated" name="test_seed_initial_data_super_admin_only_and_idempotent[asyncio]" time="0.031" /><testcase classname="backend.tests.test_security_roles_notes_quota_cors_isolated" name="test_preview_aware_cors_allows_only_configured_origins_and_proxy_alias[asyncio]" time="0.002" /><testcase classname="backend.tests.test_classification_review_isolated_v2" name="test_manual_patch_saves_fields_preserves_metadata_and_stays_pending[asyncio]" time="0.048" /><testcase classname="backend.tests.test_classification_review_isolated_v2" name="test_manual_patch_handles_ai_null_and_concurrent_merge[asyncio]" time="0.039" /><testcase classname="backend.tests.test_classification_review_isolated_v2" name="test_manual_patch_validation_and_rejections[asyncio]" time="0.044" /><testcase classname="backend.tests.test_classification_review_isolated_v2" name="test_approval_flows_bulk_mixed_and_pending_predicate_consistent[asyncio]" time="0.058" /><testcase classname="backend.tests.test_classification_review_isolated_v2" name="test_latest_batch_scoped_to_user_and_serializable[asyncio]" time="0.038" /><testcase classname="backend.tests.test_background_processor_isolated" name="test_processing_persists_across_instances_and_reports_failures[asyncio]" time="0.095" /></testsuite></testsuites>